{"/media/simpnlm329budgie/ef264f95-2d57-4eae-85f9-710bfd4f5fc4/SimonLM329_PUBLIC/GIT/Projet_OC/P11/P11_ArgentBank_Vite-React/P11-ArgentBank/api/ping.js": {"path":"/media/simpnlm329budgie/ef264f95-2d57-4eae-85f9-710bfd4f5fc4/SimonLM329_PUBLIC/GIT/Projet_OC/P11/P11_ArgentBank_Vite-React/P11-ArgentBank/api/ping.js","all":false,"statementMap":{"0":{"start":{"line":1,"column":0},"end":{"line":1,"column":14}},"4":{"start":{"line":5,"column":0},"end":{"line":5,"column":49}},"5":{"start":{"line":6,"column":0},"end":{"line":6,"column":6}},"6":{"start":{"line":7,"column":0},"end":{"line":7,"column":26}},"7":{"start":{"line":8,"column":0},"end":{"line":8,"column":44}},"8":{"start":{"line":9,"column":0},"end":{"line":9,"column":14}},"9":{"start":{"line":10,"column":0},"end":{"line":10,"column":40}},"10":{"start":{"line":11,"column":0},"end":{"line":11,"column":65}},"11":{"start":{"line":12,"column":0},"end":{"line":12,"column":2}},"12":{"start":{"line":13,"column":0},"end":{"line":13,"column":1}}},"s":{"0":1,"4":1,"5":2,"6":2,"7":1,"8":1,"9":1,"10":1,"11":1,"12":2},"branchMap":{"0":{"type":"branch","line":5,"loc":{"start":{"line":5,"column":15},"end":{"line":13,"column":1}},"locations":[{"start":{"line":5,"column":15},"end":{"line":13,"column":1}}]},"1":{"type":"branch","line":7,"loc":{"start":{"line":7,"column":25},"end":{"line":12,"column":2}},"locations":[{"start":{"line":7,"column":25},"end":{"line":12,"column":2}}]}},"b":{"0":[2],"1":[1]},"fnMap":{"0":{"name":"handler","decl":{"start":{"line":5,"column":15},"end":{"line":13,"column":1}},"loc":{"start":{"line":5,"column":15},"end":{"line":13,"column":1}},"line":5}},"f":{"0":2}}
,"/media/simpnlm329budgie/ef264f95-2d57-4eae-85f9-710bfd4f5fc4/SimonLM329_PUBLIC/GIT/Projet_OC/P11/P11_ArgentBank_Vite-React/P11-ArgentBank/api/accounts/index.js": {"path":"/media/simpnlm329budgie/ef264f95-2d57-4eae-85f9-710bfd4f5fc4/SimonLM329_PUBLIC/GIT/Projet_OC/P11/P11_ArgentBank_Vite-React/P11-ArgentBank/api/accounts/index.js","all":false,"statementMap":{"0":{"start":{"line":1,"column":0},"end":{"line":1,"column":14}},"5":{"start":{"line":6,"column":0},"end":{"line":6,"column":42}},"7":{"start":{"line":8,"column":0},"end":{"line":8,"column":49}},"8":{"start":{"line":9,"column":0},"end":{"line":9,"column":28}},"9":{"start":{"line":10,"column":0},"end":{"line":10,"column":65}},"10":{"start":{"line":11,"column":0},"end":{"line":11,"column":2}},"12":{"start":{"line":13,"column":0},"end":{"line":13,"column":46}},"13":{"start":{"line":14,"column":0},"end":{"line":14,"column":56}},"14":{"start":{"line":15,"column":0},"end":{"line":15,"column":12}},"15":{"start":{"line":16,"column":0},"end":{"line":16,"column":15}},"16":{"start":{"line":17,"column":0},"end":{"line":17,"column":65}},"17":{"start":{"line":18,"column":0},"end":{"line":18,"column":2}},"19":{"start":{"line":20,"column":0},"end":{"line":20,"column":40}},"21":{"start":{"line":22,"column":0},"end":{"line":22,"column":6}},"22":{"start":{"line":23,"column":0},"end":{"line":23,"column":48}},"23":{"start":{"line":24,"column":0},"end":{"line":24,"column":28}},"25":{"start":{"line":26,"column":0},"end":{"line":26,"column":16}},"26":{"start":{"line":27,"column":0},"end":{"line":27,"column":13}},"27":{"start":{"line":28,"column":0},"end":{"line":28,"column":16}},"28":{"start":{"line":29,"column":0},"end":{"line":29,"column":57}},"29":{"start":{"line":30,"column":0},"end":{"line":30,"column":3}},"31":{"start":{"line":32,"column":0},"end":{"line":32,"column":50}},"32":{"start":{"line":33,"column":0},"end":{"line":33,"column":11}},"33":{"start":{"line":34,"column":0},"end":{"line":34,"column":19}},"34":{"start":{"line":35,"column":0},"end":{"line":35,"column":5}},"35":{"start":{"line":36,"column":0},"end":{"line":36,"column":48}},"36":{"start":{"line":37,"column":0},"end":{"line":37,"column":16}},"37":{"start":{"line":38,"column":0},"end":{"line":38,"column":19}},"38":{"start":{"line":39,"column":0},"end":{"line":39,"column":8}},"39":{"start":{"line":40,"column":0},"end":{"line":40,"column":5}},"41":{"start":{"line":42,"column":0},"end":{"line":42,"column":50}},"42":{"start":{"line":43,"column":0},"end":{"line":43,"column":18}},"43":{"start":{"line":44,"column":0},"end":{"line":44,"column":47}},"44":{"start":{"line":45,"column":0},"end":{"line":45,"column":72}},"45":{"start":{"line":46,"column":0},"end":{"line":46,"column":3}},"46":{"start":{"line":47,"column":0},"end":{"line":47,"column":51}},"47":{"start":{"line":48,"column":0},"end":{"line":48,"column":12}},"48":{"start":{"line":49,"column":0},"end":{"line":49,"column":15}},"49":{"start":{"line":50,"column":0},"end":{"line":50,"column":71}},"50":{"start":{"line":51,"column":0},"end":{"line":51,"column":12}},"51":{"start":{"line":52,"column":0},"end":{"line":52,"column":92}},"52":{"start":{"line":53,"column":0},"end":{"line":53,"column":32}},"53":{"start":{"line":54,"column":0},"end":{"line":54,"column":2}},"54":{"start":{"line":55,"column":0},"end":{"line":55,"column":1}}},"s":{"0":1,"5":1,"7":1,"8":5,"9":1,"10":1,"12":4,"13":5,"14":1,"15":1,"16":1,"17":1,"19":3,"21":3,"22":3,"23":3,"25":5,"26":0,"27":0,"28":0,"29":0,"31":2,"32":2,"33":2,"34":2,"35":2,"36":2,"37":2,"38":2,"39":2,"41":1,"42":5,"43":2,"44":1,"45":1,"46":1,"47":1,"48":1,"49":1,"50":5,"51":3,"52":3,"53":3,"54":5},"branchMap":{"0":{"type":"branch","line":8,"loc":{"start":{"line":8,"column":15},"end":{"line":55,"column":1}},"locations":[{"start":{"line":8,"column":15},"end":{"line":55,"column":1}}]},"1":{"type":"branch","line":9,"loc":{"start":{"line":9,"column":27},"end":{"line":11,"column":2}},"locations":[{"start":{"line":9,"column":27},"end":{"line":11,"column":2}}]},"2":{"type":"branch","line":11,"loc":{"start":{"line":11,"column":1},"end":{"line":14,"column":17}},"locations":[{"start":{"line":11,"column":1},"end":{"line":14,"column":17}}]},"3":{"type":"branch","line":14,"loc":{"start":{"line":14,"column":17},"end":{"line":14,"column":53}},"locations":[{"start":{"line":14,"column":17},"end":{"line":14,"column":53}}]},"4":{"type":"branch","line":14,"loc":{"start":{"line":14,"column":55},"end":{"line":18,"column":2}},"locations":[{"start":{"line":14,"column":55},"end":{"line":18,"column":2}}]},"5":{"type":"branch","line":18,"loc":{"start":{"line":18,"column":1},"end":{"line":26,"column":15}},"locations":[{"start":{"line":18,"column":1},"end":{"line":26,"column":15}}]},"6":{"type":"branch","line":26,"loc":{"start":{"line":26,"column":15},"end":{"line":30,"column":3}},"locations":[{"start":{"line":26,"column":15},"end":{"line":30,"column":3}}]},"7":{"type":"branch","line":30,"loc":{"start":{"line":30,"column":2},"end":{"line":40,"column":5}},"locations":[{"start":{"line":30,"column":2},"end":{"line":40,"column":5}}]},"8":{"type":"branch","line":40,"loc":{"start":{"line":40,"column":4},"end":{"line":43,"column":3}},"locations":[{"start":{"line":40,"column":4},"end":{"line":43,"column":3}}]},"9":{"type":"branch","line":43,"loc":{"start":{"line":43,"column":3},"end":{"line":51,"column":2}},"locations":[{"start":{"line":43,"column":3},"end":{"line":51,"column":2}}]},"10":{"type":"branch","line":44,"loc":{"start":{"line":44,"column":46},"end":{"line":51,"column":2}},"locations":[{"start":{"line":44,"column":46},"end":{"line":51,"column":2}}]},"11":{"type":"branch","line":51,"loc":{"start":{"line":51,"column":2},"end":{"line":51,"column":3}},"locations":[{"start":{"line":51,"column":2},"end":{"line":51,"column":3}}]},"12":{"type":"branch","line":51,"loc":{"start":{"line":51,"column":3},"end":{"line":54,"column":2}},"locations":[{"start":{"line":51,"column":3},"end":{"line":54,"column":2}}]}},"b":{"0":[5],"1":[1],"2":[4],"3":[3],"4":[1],"5":[3],"6":[0],"7":[2],"8":[1],"9":[2],"10":[1],"11":[0],"12":[3]},"fnMap":{"0":{"name":"handler","decl":{"start":{"line":8,"column":15},"end":{"line":55,"column":1}},"loc":{"start":{"line":8,"column":15},"end":{"line":55,"column":1}},"line":8}},"f":{"0":5}}
,"/media/simpnlm329budgie/ef264f95-2d57-4eae-85f9-710bfd4f5fc4/SimonLM329_PUBLIC/GIT/Projet_OC/P11/P11_ArgentBank_Vite-React/P11-ArgentBank/api/csrf/store.js": {"path":"/media/simpnlm329budgie/ef264f95-2d57-4eae-85f9-710bfd4f5fc4/SimonLM329_PUBLIC/GIT/Projet_OC/P11/P11_ArgentBank_Vite-React/P11-ArgentBank/api/csrf/store.js","all":false,"statementMap":{"0":{"start":{"line":1,"column":0},"end":{"line":1,"column":14}},"4":{"start":{"line":5,"column":0},"end":{"line":5,"column":66}},"6":{"start":{"line":7,"column":0},"end":{"line":7,"column":49}},"7":{"start":{"line":8,"column":0},"end":{"line":8,"column":29}},"8":{"start":{"line":9,"column":0},"end":{"line":9,"column":78}},"9":{"start":{"line":10,"column":0},"end":{"line":10,"column":2}},"11":{"start":{"line":12,"column":0},"end":{"line":12,"column":6}},"12":{"start":{"line":13,"column":0},"end":{"line":13,"column":32}},"13":{"start":{"line":14,"column":0},"end":{"line":14,"column":47}},"14":{"start":{"line":15,"column":0},"end":{"line":15,"column":57}},"15":{"start":{"line":16,"column":0},"end":{"line":16,"column":73}},"16":{"start":{"line":17,"column":0},"end":{"line":17,"column":3}},"18":{"start":{"line":19,"column":0},"end":{"line":19,"column":41}},"19":{"start":{"line":20,"column":0},"end":{"line":20,"column":48}},"21":{"start":{"line":22,"column":0},"end":{"line":22,"column":41}},"23":{"start":{"line":24,"column":0},"end":{"line":24,"column":67}},"24":{"start":{"line":25,"column":0},"end":{"line":25,"column":30}},"25":{"start":{"line":26,"column":0},"end":{"line":26,"column":74}},"26":{"start":{"line":27,"column":0},"end":{"line":27,"column":3}},"28":{"start":{"line":29,"column":0},"end":{"line":29,"column":21}},"29":{"start":{"line":30,"column":0},"end":{"line":30,"column":46}},"31":{"start":{"line":32,"column":0},"end":{"line":32,"column":31}},"32":{"start":{"line":33,"column":0},"end":{"line":33,"column":15}},"33":{"start":{"line":34,"column":0},"end":{"line":34,"column":45}},"34":{"start":{"line":35,"column":0},"end":{"line":35,"column":5}},"35":{"start":{"line":36,"column":0},"end":{"line":36,"column":18}},"36":{"start":{"line":37,"column":0},"end":{"line":37,"column":52}},"37":{"start":{"line":38,"column":0},"end":{"line":38,"column":12}},"38":{"start":{"line":39,"column":0},"end":{"line":39,"column":15}},"39":{"start":{"line":40,"column":0},"end":{"line":40,"column":60}},"40":{"start":{"line":41,"column":0},"end":{"line":41,"column":2}},"41":{"start":{"line":42,"column":0},"end":{"line":42,"column":1}}},"s":{"0":1,"4":1,"6":1,"7":7,"8":1,"9":1,"11":6,"12":6,"13":6,"14":7,"15":2,"16":2,"18":4,"19":4,"21":4,"23":4,"24":7,"25":1,"26":1,"28":2,"29":2,"31":1,"32":1,"33":1,"34":1,"35":7,"36":2,"37":2,"38":2,"39":2,"40":2,"41":7},"branchMap":{"0":{"type":"branch","line":7,"loc":{"start":{"line":7,"column":15},"end":{"line":42,"column":1}},"locations":[{"start":{"line":7,"column":15},"end":{"line":42,"column":1}}]},"1":{"type":"branch","line":8,"loc":{"start":{"line":8,"column":28},"end":{"line":10,"column":2}},"locations":[{"start":{"line":8,"column":28},"end":{"line":10,"column":2}}]},"2":{"type":"branch","line":10,"loc":{"start":{"line":10,"column":1},"end":{"line":15,"column":18}},"locations":[{"start":{"line":10,"column":1},"end":{"line":15,"column":18}}]},"3":{"type":"branch","line":15,"loc":{"start":{"line":15,"column":18},"end":{"line":15,"column":54}},"locations":[{"start":{"line":15,"column":18},"end":{"line":15,"column":54}}]},"4":{"type":"branch","line":15,"loc":{"start":{"line":15,"column":56},"end":{"line":17,"column":3}},"locations":[{"start":{"line":15,"column":56},"end":{"line":17,"column":3}}]},"5":{"type":"branch","line":17,"loc":{"start":{"line":17,"column":2},"end":{"line":25,"column":29}},"locations":[{"start":{"line":17,"column":2},"end":{"line":25,"column":29}}]},"6":{"type":"branch","line":25,"loc":{"start":{"line":25,"column":29},"end":{"line":27,"column":3}},"locations":[{"start":{"line":25,"column":29},"end":{"line":27,"column":3}}]},"7":{"type":"branch","line":27,"loc":{"start":{"line":27,"column":2},"end":{"line":30,"column":46}},"locations":[{"start":{"line":27,"column":2},"end":{"line":30,"column":46}}]},"8":{"type":"branch","line":30,"loc":{"start":{"line":30,"column":45},"end":{"line":36,"column":3}},"locations":[{"start":{"line":30,"column":45},"end":{"line":36,"column":3}}]},"9":{"type":"branch","line":36,"loc":{"start":{"line":36,"column":3},"end":{"line":41,"column":2}},"locations":[{"start":{"line":36,"column":3},"end":{"line":41,"column":2}}]}},"b":{"0":[7],"1":[1],"2":[6],"3":[5],"4":[2],"5":[4],"6":[1],"7":[2],"8":[1],"9":[2]},"fnMap":{"0":{"name":"handler","decl":{"start":{"line":7,"column":15},"end":{"line":42,"column":1}},"loc":{"start":{"line":7,"column":15},"end":{"line":42,"column":1}},"line":7}},"f":{"0":7}}
,"/media/simpnlm329budgie/ef264f95-2d57-4eae-85f9-710bfd4f5fc4/SimonLM329_PUBLIC/GIT/Projet_OC/P11/P11_ArgentBank_Vite-React/P11-ArgentBank/api/lib/blacklist.js": {"path":"/media/simpnlm329budgie/ef264f95-2d57-4eae-85f9-710bfd4f5fc4/SimonLM329_PUBLIC/GIT/Projet_OC/P11/P11_ArgentBank_Vite-React/P11-ArgentBank/api/lib/blacklist.js","all":true,"statementMap":{"0":{"start":{"line":1,"column":0},"end":{"line":1,"column":14}},"2":{"start":{"line":3,"column":0},"end":{"line":3,"column":34}},"3":{"start":{"line":4,"column":0},"end":{"line":4,"column":11}},"4":{"start":{"line":5,"column":0},"end":{"line":5,"column":13}},"5":{"start":{"line":6,"column":0},"end":{"line":6,"column":13}},"6":{"start":{"line":7,"column":0},"end":{"line":7,"column":12}},"7":{"start":{"line":8,"column":0},"end":{"line":8,"column":9}},"8":{"start":{"line":9,"column":0},"end":{"line":9,"column":8}},"9":{"start":{"line":10,"column":0},"end":{"line":10,"column":10}},"10":{"start":{"line":11,"column":0},"end":{"line":11,"column":13}},"11":{"start":{"line":12,"column":0},"end":{"line":12,"column":9}},"12":{"start":{"line":13,"column":0},"end":{"line":13,"column":8}},"13":{"start":{"line":14,"column":0},"end":{"line":14,"column":8}},"14":{"start":{"line":15,"column":0},"end":{"line":15,"column":7}},"15":{"start":{"line":16,"column":0},"end":{"line":16,"column":7}},"16":{"start":{"line":17,"column":0},"end":{"line":17,"column":8}},"17":{"start":{"line":18,"column":0},"end":{"line":18,"column":8}},"18":{"start":{"line":19,"column":0},"end":{"line":19,"column":8}},"19":{"start":{"line":20,"column":0},"end":{"line":20,"column":9}},"20":{"start":{"line":21,"column":0},"end":{"line":21,"column":8}},"21":{"start":{"line":22,"column":0},"end":{"line":22,"column":9}},"22":{"start":{"line":23,"column":0},"end":{"line":23,"column":11}},"24":{"start":{"line":25,"column":0},"end":{"line":25,"column":12}},"25":{"start":{"line":26,"column":0},"end":{"line":26,"column":10}},"26":{"start":{"line":27,"column":0},"end":{"line":27,"column":9}},"27":{"start":{"line":28,"column":0},"end":{"line":28,"column":11}},"28":{"start":{"line":29,"column":0},"end":{"line":29,"column":8}},"29":{"start":{"line":30,"column":0},"end":{"line":30,"column":7}},"30":{"start":{"line":31,"column":0},"end":{"line":31,"column":10}},"31":{"start":{"line":32,"column":0},"end":{"line":32,"column":8}},"32":{"start":{"line":33,"column":0},"end":{"line":33,"column":10}},"33":{"start":{"line":34,"column":0},"end":{"line":34,"column":7}},"34":{"start":{"line":35,"column":0},"end":{"line":35,"column":10}},"35":{"start":{"line":36,"column":0},"end":{"line":36,"column":9}},"37":{"start":{"line":38,"column":0},"end":{"line":38,"column":10}},"38":{"start":{"line":39,"column":0},"end":{"line":39,"column":12}},"39":{"start":{"line":40,"column":0},"end":{"line":40,"column":10}},"40":{"start":{"line":41,"column":0},"end":{"line":41,"column":10}},"41":{"start":{"line":42,"column":0},"end":{"line":42,"column":11}},"42":{"start":{"line":43,"column":0},"end":{"line":43,"column":12}},"43":{"start":{"line":44,"column":0},"end":{"line":44,"column":8}},"44":{"start":{"line":45,"column":0},"end":{"line":45,"column":9}},"45":{"start":{"line":46,"column":0},"end":{"line":46,"column":10}},"46":{"start":{"line":47,"column":0},"end":{"line":47,"column":13}},"47":{"start":{"line":48,"column":0},"end":{"line":48,"column":2}}},"s":{"0":0,"2":0,"3":0,"4":0,"5":0,"6":0,"7":0,"8":0,"9":0,"10":0,"11":0,"12":0,"13":0,"14":0,"15":0,"16":0,"17":0,"18":0,"19":0,"20":0,"21":0,"22":0,"24":0,"25":0,"26":0,"27":0,"28":0,"29":0,"30":0,"31":0,"32":0,"33":0,"34":0,"35":0,"37":0,"38":0,"39":0,"40":0,"41":0,"42":0,"43":0,"44":0,"45":0,"46":0,"47":0},"branchMap":{"0":{"type":"branch","line":1,"loc":{"start":{"line":1,"column":502},"end":{"line":48,"column":2}},"locations":[{"start":{"line":1,"column":502},"end":{"line":48,"column":2}}]}},"b":{"0":[0]},"fnMap":{"0":{"name":"(empty-report)","decl":{"start":{"line":1,"column":502},"end":{"line":48,"column":2}},"loc":{"start":{"line":1,"column":502},"end":{"line":48,"column":2}},"line":1}},"f":{"0":0}}
,"/media/simpnlm329budgie/ef264f95-2d57-4eae-85f9-710bfd4f5fc4/SimonLM329_PUBLIC/GIT/Projet_OC/P11/P11_ArgentBank_Vite-React/P11-ArgentBank/api/lib/csrf.js": {"path":"/media/simpnlm329budgie/ef264f95-2d57-4eae-85f9-710bfd4f5fc4/SimonLM329_PUBLIC/GIT/Projet_OC/P11/P11_ArgentBank_Vite-React/P11-ArgentBank/api/lib/csrf.js","all":false,"statementMap":{"0":{"start":{"line":1,"column":0},"end":{"line":1,"column":14}},"2":{"start":{"line":3,"column":0},"end":{"line":3,"column":40}},"4":{"start":{"line":5,"column":0},"end":{"line":5,"column":57}},"5":{"start":{"line":6,"column":0},"end":{"line":6,"column":6}},"6":{"start":{"line":7,"column":0},"end":{"line":7,"column":56}},"8":{"start":{"line":9,"column":0},"end":{"line":9,"column":59}},"9":{"start":{"line":10,"column":0},"end":{"line":10,"column":21}},"10":{"start":{"line":11,"column":0},"end":{"line":11,"column":5}},"12":{"start":{"line":13,"column":0},"end":{"line":13,"column":22}},"13":{"start":{"line":14,"column":0},"end":{"line":14,"column":35}},"14":{"start":{"line":15,"column":0},"end":{"line":15,"column":22}},"15":{"start":{"line":16,"column":0},"end":{"line":16,"column":11}},"16":{"start":{"line":17,"column":0},"end":{"line":17,"column":11}},"17":{"start":{"line":18,"column":0},"end":{"line":18,"column":27}},"18":{"start":{"line":19,"column":0},"end":{"line":19,"column":6}},"19":{"start":{"line":20,"column":0},"end":{"line":20,"column":6}},"20":{"start":{"line":21,"column":0},"end":{"line":21,"column":10}},"21":{"start":{"line":22,"column":0},"end":{"line":22,"column":35}},"22":{"start":{"line":23,"column":0},"end":{"line":23,"column":11}},"23":{"start":{"line":24,"column":0},"end":{"line":24,"column":12}},"24":{"start":{"line":25,"column":0},"end":{"line":25,"column":11}},"25":{"start":{"line":26,"column":0},"end":{"line":26,"column":27}},"26":{"start":{"line":27,"column":0},"end":{"line":27,"column":27}},"27":{"start":{"line":28,"column":0},"end":{"line":28,"column":6}},"28":{"start":{"line":29,"column":0},"end":{"line":29,"column":6}},"29":{"start":{"line":30,"column":0},"end":{"line":30,"column":3}},"30":{"start":{"line":31,"column":0},"end":{"line":31,"column":18}},"31":{"start":{"line":32,"column":0},"end":{"line":32,"column":52}},"32":{"start":{"line":33,"column":0},"end":{"line":33,"column":14}},"33":{"start":{"line":34,"column":0},"end":{"line":34,"column":2}},"34":{"start":{"line":35,"column":0},"end":{"line":35,"column":1}},"36":{"start":{"line":37,"column":0},"end":{"line":37,"column":48}},"37":{"start":{"line":38,"column":0},"end":{"line":38,"column":6}},"38":{"start":{"line":39,"column":0},"end":{"line":39,"column":56}},"40":{"start":{"line":41,"column":0},"end":{"line":41,"column":52}},"41":{"start":{"line":42,"column":0},"end":{"line":42,"column":21}},"42":{"start":{"line":43,"column":0},"end":{"line":43,"column":5}},"43":{"start":{"line":44,"column":0},"end":{"line":44,"column":38}},"44":{"start":{"line":45,"column":0},"end":{"line":45,"column":18}},"45":{"start":{"line":46,"column":0},"end":{"line":46,"column":55}},"46":{"start":{"line":47,"column":0},"end":{"line":47,"column":14}},"47":{"start":{"line":48,"column":0},"end":{"line":48,"column":2}},"48":{"start":{"line":49,"column":0},"end":{"line":49,"column":1}}},"s":{"0":1,"2":1,"4":1,"5":3,"6":3,"8":3,"9":3,"10":3,"12":3,"13":1,"14":1,"15":1,"16":1,"17":1,"18":1,"19":1,"20":1,"21":1,"22":1,"23":1,"24":1,"25":1,"26":1,"27":1,"28":1,"29":1,"30":3,"31":1,"32":1,"33":1,"34":3,"36":1,"37":3,"38":3,"40":3,"41":3,"42":3,"43":3,"44":3,"45":1,"46":1,"47":1,"48":3},"branchMap":{"0":{"type":"branch","line":5,"loc":{"start":{"line":5,"column":7},"end":{"line":35,"column":1}},"locations":[{"start":{"line":5,"column":7},"end":{"line":35,"column":1}}]},"1":{"type":"branch","line":11,"loc":{"start":{"line":11,"column":4},"end":{"line":13,"column":21}},"locations":[{"start":{"line":11,"column":4},"end":{"line":13,"column":21}}]},"2":{"type":"branch","line":13,"loc":{"start":{"line":13,"column":21},"end":{"line":30,"column":3}},"locations":[{"start":{"line":13,"column":21},"end":{"line":30,"column":3}}]},"3":{"type":"branch","line":31,"loc":{"start":{"line":31,"column":3},"end":{"line":34,"column":2}},"locations":[{"start":{"line":31,"column":3},"end":{"line":34,"column":2}}]},"4":{"type":"branch","line":37,"loc":{"start":{"line":37,"column":7},"end":{"line":49,"column":1}},"locations":[{"start":{"line":37,"column":7},"end":{"line":49,"column":1}}]},"5":{"type":"branch","line":43,"loc":{"start":{"line":43,"column":4},"end":{"line":44,"column":16}},"locations":[{"start":{"line":43,"column":4},"end":{"line":44,"column":16}}]},"6":{"type":"branch","line":44,"loc":{"start":{"line":44,"column":16},"end":{"line":44,"column":30}},"locations":[{"start":{"line":44,"column":16},"end":{"line":44,"column":30}}]},"7":{"type":"branch","line":44,"loc":{"start":{"line":44,"column":31},"end":{"line":44,"column":37}},"locations":[{"start":{"line":44,"column":31},"end":{"line":44,"column":37}}]},"8":{"type":"branch","line":45,"loc":{"start":{"line":45,"column":3},"end":{"line":48,"column":2}},"locations":[{"start":{"line":45,"column":3},"end":{"line":48,"column":2}}]}},"b":{"0":[3],"1":[2],"2":[1],"3":[1],"4":[3],"5":[2],"6":[1],"7":[1],"8":[1]},"fnMap":{"0":{"name":"storeUserCSRFToken","decl":{"start":{"line":5,"column":7},"end":{"line":35,"column":1}},"loc":{"start":{"line":5,"column":7},"end":{"line":35,"column":1}},"line":5},"1":{"name":"getUserCSRFToken","decl":{"start":{"line":37,"column":7},"end":{"line":49,"column":1}},"loc":{"start":{"line":37,"column":7},"end":{"line":49,"column":1}},"line":37}},"f":{"0":3,"1":3}}
,"/media/simpnlm329budgie/ef264f95-2d57-4eae-85f9-710bfd4f5fc4/SimonLM329_PUBLIC/GIT/Projet_OC/P11/P11_ArgentBank_Vite-React/P11-ArgentBank/api/lib/prisma.js": {"path":"/media/simpnlm329budgie/ef264f95-2d57-4eae-85f9-710bfd4f5fc4/SimonLM329_PUBLIC/GIT/Projet_OC/P11/P11_ArgentBank_Vite-React/P11-ArgentBank/api/lib/prisma.js","all":false,"statementMap":{"0":{"start":{"line":1,"column":0},"end":{"line":1,"column":14}},"2":{"start":{"line":3,"column":0},"end":{"line":3,"column":70}},"3":{"start":{"line":4,"column":0},"end":{"line":4,"column":49}},"4":{"start":{"line":5,"column":0},"end":{"line":5,"column":54}},"6":{"start":{"line":7,"column":0},"end":{"line":7,"column":44}},"8":{"start":{"line":9,"column":0},"end":{"line":9,"column":26}},"10":{"start":{"line":11,"column":0},"end":{"line":11,"column":54}},"12":{"start":{"line":13,"column":0},"end":{"line":13,"column":14}},"13":{"start":{"line":14,"column":0},"end":{"line":14,"column":47}},"14":{"start":{"line":15,"column":0},"end":{"line":15,"column":32}},"15":{"start":{"line":16,"column":0},"end":{"line":16,"column":11}},"16":{"start":{"line":17,"column":0},"end":{"line":17,"column":25}},"17":{"start":{"line":18,"column":0},"end":{"line":18,"column":40}},"18":{"start":{"line":19,"column":0},"end":{"line":19,"column":5}},"19":{"start":{"line":20,"column":0},"end":{"line":20,"column":27}},"20":{"start":{"line":21,"column":0},"end":{"line":21,"column":4}},"22":{"start":{"line":23,"column":0},"end":{"line":23,"column":31}},"24":{"start":{"line":25,"column":0},"end":{"line":25,"column":26}},"28":{"start":{"line":29,"column":0},"end":{"line":29,"column":11}},"29":{"start":{"line":30,"column":0},"end":{"line":30,"column":44}},"30":{"start":{"line":31,"column":0},"end":{"line":31,"column":29}},"31":{"start":{"line":32,"column":0},"end":{"line":32,"column":8}},"32":{"start":{"line":33,"column":0},"end":{"line":33,"column":22}},"33":{"start":{"line":34,"column":0},"end":{"line":34,"column":37}},"34":{"start":{"line":35,"column":0},"end":{"line":35,"column":2}},"35":{"start":{"line":36,"column":0},"end":{"line":36,"column":24}},"36":{"start":{"line":37,"column":0},"end":{"line":37,"column":1}}},"s":{"0":1,"2":1,"3":1,"4":1,"6":1,"8":1,"10":1,"12":1,"13":1,"14":1,"15":1,"16":1,"17":1,"18":1,"19":1,"20":1,"22":1,"24":1,"28":1,"29":1,"30":1,"31":1,"32":4,"33":3,"34":3,"35":4,"36":4},"branchMap":{"0":{"type":"branch","line":30,"loc":{"start":{"line":30,"column":43},"end":{"line":32,"column":2}},"locations":[{"start":{"line":30,"column":43},"end":{"line":32,"column":2}}]},"1":{"type":"branch","line":32,"loc":{"start":{"line":32,"column":1},"end":{"line":37,"column":1}},"locations":[{"start":{"line":32,"column":1},"end":{"line":37,"column":1}}]},"2":{"type":"branch","line":33,"loc":{"start":{"line":33,"column":21},"end":{"line":35,"column":2}},"locations":[{"start":{"line":33,"column":21},"end":{"line":35,"column":2}}]}},"b":{"0":[1],"1":[4],"2":[3]},"fnMap":{},"f":{}}
,"/media/simpnlm329budgie/ef264f95-2d57-4eae-85f9-710bfd4f5fc4/SimonLM329_PUBLIC/GIT/Projet_OC/P11/P11_ArgentBank_Vite-React/P11-ArgentBank/api/middleware/rateLimit.js": {"path":"/media/simpnlm329budgie/ef264f95-2d57-4eae-85f9-710bfd4f5fc4/SimonLM329_PUBLIC/GIT/Projet_OC/P11/P11_ArgentBank_Vite-React/P11-ArgentBank/api/middleware/rateLimit.js","all":false,"statementMap":{"0":{"start":{"line":1,"column":0},"end":{"line":1,"column":14}},"2":{"start":{"line":3,"column":0},"end":{"line":3,"column":44}},"3":{"start":{"line":4,"column":0},"end":{"line":4,"column":23}},"5":{"start":{"line":6,"column":0},"end":{"line":6,"column":31}},"6":{"start":{"line":7,"column":0},"end":{"line":7,"column":46}},"8":{"start":{"line":9,"column":0},"end":{"line":9,"column":24}},"9":{"start":{"line":10,"column":0},"end":{"line":10,"column":35}},"10":{"start":{"line":11,"column":0},"end":{"line":11,"column":22}},"11":{"start":{"line":12,"column":0},"end":{"line":12,"column":21}},"12":{"start":{"line":13,"column":0},"end":{"line":13,"column":11}},"13":{"start":{"line":14,"column":0},"end":{"line":14,"column":13}},"14":{"start":{"line":15,"column":0},"end":{"line":15,"column":2}},"16":{"start":{"line":17,"column":0},"end":{"line":17,"column":80}},"17":{"start":{"line":18,"column":0},"end":{"line":18,"column":71}},"18":{"start":{"line":19,"column":0},"end":{"line":19,"column":51}},"19":{"start":{"line":20,"column":0},"end":{"line":20,"column":56}},"20":{"start":{"line":21,"column":0},"end":{"line":21,"column":67}},"22":{"start":{"line":23,"column":0},"end":{"line":23,"column":6}},"23":{"start":{"line":24,"column":0},"end":{"line":24,"column":21}},"24":{"start":{"line":25,"column":0},"end":{"line":25,"column":35}},"25":{"start":{"line":26,"column":0},"end":{"line":26,"column":54}},"26":{"start":{"line":27,"column":0},"end":{"line":27,"column":10}},"27":{"start":{"line":28,"column":0},"end":{"line":28,"column":49}},"28":{"start":{"line":29,"column":0},"end":{"line":29,"column":53}},"29":{"start":{"line":30,"column":0},"end":{"line":30,"column":3}},"30":{"start":{"line":31,"column":0},"end":{"line":31,"column":18}},"31":{"start":{"line":32,"column":0},"end":{"line":32,"column":47}},"32":{"start":{"line":33,"column":0},"end":{"line":33,"column":44}},"33":{"start":{"line":34,"column":0},"end":{"line":34,"column":15}},"34":{"start":{"line":35,"column":0},"end":{"line":35,"column":2}},"35":{"start":{"line":36,"column":0},"end":{"line":36,"column":1}},"37":{"start":{"line":38,"column":0},"end":{"line":38,"column":39}},"38":{"start":{"line":39,"column":0},"end":{"line":39,"column":53}},"39":{"start":{"line":40,"column":0},"end":{"line":40,"column":29}},"40":{"start":{"line":41,"column":0},"end":{"line":41,"column":43}},"42":{"start":{"line":43,"column":0},"end":{"line":43,"column":24}},"43":{"start":{"line":44,"column":0},"end":{"line":44,"column":33}},"44":{"start":{"line":45,"column":0},"end":{"line":45,"column":48}},"45":{"start":{"line":46,"column":0},"end":{"line":46,"column":36}},"46":{"start":{"line":47,"column":0},"end":{"line":47,"column":3}},"48":{"start":{"line":49,"column":0},"end":{"line":49,"column":38}},"49":{"start":{"line":50,"column":0},"end":{"line":50,"column":24}},"50":{"start":{"line":51,"column":0},"end":{"line":51,"column":15}},"51":{"start":{"line":52,"column":0},"end":{"line":52,"column":57}},"52":{"start":{"line":53,"column":0},"end":{"line":53,"column":5}},"53":{"start":{"line":54,"column":0},"end":{"line":54,"column":14}},"54":{"start":{"line":55,"column":0},"end":{"line":55,"column":2}},"56":{"start":{"line":57,"column":0},"end":{"line":57,"column":25}},"57":{"start":{"line":58,"column":0},"end":{"line":58,"column":26}},"58":{"start":{"line":59,"column":0},"end":{"line":59,"column":35}},"60":{"start":{"line":61,"column":0},"end":{"line":61,"column":25}},"61":{"start":{"line":62,"column":0},"end":{"line":62,"column":14}},"62":{"start":{"line":63,"column":0},"end":{"line":63,"column":1}},"64":{"start":{"line":65,"column":0},"end":{"line":65,"column":36}},"65":{"start":{"line":66,"column":0},"end":{"line":66,"column":54}},"66":{"start":{"line":67,"column":0},"end":{"line":67,"column":6}},"67":{"start":{"line":68,"column":0},"end":{"line":68,"column":52}},"68":{"start":{"line":69,"column":0},"end":{"line":69,"column":117}},"70":{"start":{"line":71,"column":0},"end":{"line":71,"column":58}},"71":{"start":{"line":72,"column":0},"end":{"line":72,"column":27}},"72":{"start":{"line":73,"column":0},"end":{"line":73,"column":7}},"73":{"start":{"line":74,"column":0},"end":{"line":74,"column":46}},"74":{"start":{"line":75,"column":0},"end":{"line":75,"column":39}},"75":{"start":{"line":76,"column":0},"end":{"line":76,"column":9}},"76":{"start":{"line":77,"column":0},"end":{"line":77,"column":48}},"77":{"start":{"line":78,"column":0},"end":{"line":78,"column":41}},"78":{"start":{"line":79,"column":0},"end":{"line":79,"column":5}},"80":{"start":{"line":81,"column":0},"end":{"line":81,"column":48}},"81":{"start":{"line":82,"column":0},"end":{"line":82,"column":25}},"82":{"start":{"line":83,"column":0},"end":{"line":83,"column":77}},"84":{"start":{"line":85,"column":0},"end":{"line":85,"column":39}},"85":{"start":{"line":86,"column":0},"end":{"line":86,"column":25}},"86":{"start":{"line":87,"column":0},"end":{"line":87,"column":16}},"87":{"start":{"line":88,"column":0},"end":{"line":88,"column":65}},"88":{"start":{"line":89,"column":0},"end":{"line":89,"column":6}},"89":{"start":{"line":90,"column":0},"end":{"line":90,"column":15}},"90":{"start":{"line":91,"column":0},"end":{"line":91,"column":3}},"92":{"start":{"line":93,"column":0},"end":{"line":93,"column":27}},"93":{"start":{"line":94,"column":0},"end":{"line":94,"column":56}},"95":{"start":{"line":96,"column":0},"end":{"line":96,"column":15}},"96":{"start":{"line":97,"column":0},"end":{"line":97,"column":18}},"97":{"start":{"line":98,"column":0},"end":{"line":98,"column":39}},"98":{"start":{"line":99,"column":0},"end":{"line":99,"column":60}},"99":{"start":{"line":100,"column":0},"end":{"line":100,"column":79}},"100":{"start":{"line":101,"column":0},"end":{"line":101,"column":2}},"101":{"start":{"line":102,"column":0},"end":{"line":102,"column":1}}},"s":{"0":1,"2":1,"3":1,"5":1,"6":1,"8":1,"9":1,"10":1,"11":1,"12":1,"13":1,"14":1,"16":1,"17":57,"18":57,"19":57,"20":57,"22":57,"23":57,"24":15,"25":15,"26":57,"27":42,"28":42,"29":42,"30":57,"31":1,"32":1,"33":1,"34":1,"35":57,"37":1,"38":57,"39":57,"40":57,"42":57,"43":57,"44":57,"45":57,"46":57,"48":57,"49":4,"50":4,"51":4,"52":4,"53":4,"54":4,"56":52,"57":52,"58":52,"60":52,"61":52,"62":52,"64":1,"65":15,"66":15,"67":15,"68":15,"70":15,"71":15,"72":15,"73":15,"74":15,"75":15,"76":15,"77":15,"78":15,"80":15,"81":15,"82":15,"84":15,"85":0,"86":0,"87":0,"88":0,"89":0,"90":0,"92":0,"93":0,"95":0,"96":15,"97":15,"98":15,"99":15,"100":15,"101":15},"branchMap":{"0":{"type":"branch","line":17,"loc":{"start":{"line":17,"column":7},"end":{"line":36,"column":1}},"locations":[{"start":{"line":17,"column":7},"end":{"line":36,"column":1}}]},"1":{"type":"branch","line":18,"loc":{"start":{"line":18,"column":43},"end":{"line":18,"column":70}},"locations":[{"start":{"line":18,"column":43},"end":{"line":18,"column":70}}]},"2":{"type":"branch","line":19,"loc":{"start":{"line":19,"column":34},"end":{"line":19,"column":50}},"locations":[{"start":{"line":19,"column":34},"end":{"line":19,"column":50}}]},"3":{"type":"branch","line":21,"loc":{"start":{"line":21,"column":43},"end":{"line":21,"column":66}},"locations":[{"start":{"line":21,"column":43},"end":{"line":21,"column":66}}]},"4":{"type":"branch","line":24,"loc":{"start":{"line":24,"column":20},"end":{"line":27,"column":3}},"locations":[{"start":{"line":24,"column":20},"end":{"line":27,"column":3}}]},"5":{"type":"branch","line":27,"loc":{"start":{"line":27,"column":3},"end":{"line":30,"column":3}},"locations":[{"start":{"line":27,"column":3},"end":{"line":30,"column":3}}]},"6":{"type":"branch","line":31,"loc":{"start":{"line":31,"column":3},"end":{"line":35,"column":2}},"locations":[{"start":{"line":31,"column":3},"end":{"line":35,"column":2}}]},"7":{"type":"branch","line":39,"loc":{"start":{"line":39,"column":0},"end":{"line":63,"column":1}},"locations":[{"start":{"line":39,"column":0},"end":{"line":63,"column":1}}]},"8":{"type":"branch","line":41,"loc":{"start":{"line":41,"column":37},"end":{"line":41,"column":42}},"locations":[{"start":{"line":41,"column":37},"end":{"line":41,"column":42}}]},"9":{"type":"branch","line":49,"loc":{"start":{"line":49,"column":37},"end":{"line":63,"column":1}},"locations":[{"start":{"line":49,"column":37},"end":{"line":63,"column":1}}]},"10":{"type":"branch","line":49,"loc":{"start":{"line":49,"column":37},"end":{"line":55,"column":2}},"locations":[{"start":{"line":49,"column":37},"end":{"line":55,"column":2}}]},"11":{"type":"branch","line":55,"loc":{"start":{"line":55,"column":1},"end":{"line":63,"column":1}},"locations":[{"start":{"line":55,"column":1},"end":{"line":63,"column":1}}]},"12":{"type":"branch","line":46,"loc":{"start":{"line":46,"column":2},"end":{"line":46,"column":36}},"locations":[{"start":{"line":46,"column":2},"end":{"line":46,"column":36}}]},"13":{"type":"branch","line":66,"loc":{"start":{"line":66,"column":0},"end":{"line":102,"column":1}},"locations":[{"start":{"line":66,"column":0},"end":{"line":102,"column":1}}]},"14":{"type":"branch","line":74,"loc":{"start":{"line":74,"column":44},"end":{"line":75,"column":38}},"locations":[{"start":{"line":74,"column":44},"end":{"line":75,"column":38}}]},"15":{"type":"branch","line":77,"loc":{"start":{"line":77,"column":46},"end":{"line":78,"column":40}},"locations":[{"start":{"line":77,"column":46},"end":{"line":78,"column":40}}]},"16":{"type":"branch","line":81,"loc":{"start":{"line":81,"column":40},"end":{"line":81,"column":47}},"locations":[{"start":{"line":81,"column":40},"end":{"line":81,"column":47}}]},"17":{"type":"branch","line":85,"loc":{"start":{"line":85,"column":38},"end":{"line":97,"column":3}},"locations":[{"start":{"line":85,"column":38},"end":{"line":97,"column":3}}]}},"b":{"0":[57],"1":[1],"2":[0],"3":[21],"4":[15],"5":[42],"6":[1],"7":[57],"8":[11],"9":[56],"10":[4],"11":[52],"12":[340],"13":[15],"14":[1],"15":[1],"16":[0],"17":[0]},"fnMap":{"0":{"name":"rateLimitMiddleware","decl":{"start":{"line":17,"column":7},"end":{"line":36,"column":1}},"loc":{"start":{"line":17,"column":7},"end":{"line":36,"column":1}},"line":17},"1":{"name":"devRateLimiter","decl":{"start":{"line":39,"column":0},"end":{"line":63,"column":1}},"loc":{"start":{"line":39,"column":0},"end":{"line":63,"column":1}},"line":39},"2":{"name":"prodRateLimiter","decl":{"start":{"line":66,"column":0},"end":{"line":102,"column":1}},"loc":{"start":{"line":66,"column":0},"end":{"line":102,"column":1}},"line":66}},"f":{"0":57,"1":57,"2":15}}
,"/media/simpnlm329budgie/ef264f95-2d57-4eae-85f9-710bfd4f5fc4/SimonLM329_PUBLIC/GIT/Projet_OC/P11/P11_ArgentBank_Vite-React/P11-ArgentBank/api/transactions/index.js": {"path":"/media/simpnlm329budgie/ef264f95-2d57-4eae-85f9-710bfd4f5fc4/SimonLM329_PUBLIC/GIT/Projet_OC/P11/P11_ArgentBank_Vite-React/P11-ArgentBank/api/transactions/index.js","all":false,"statementMap":{"0":{"start":{"line":1,"column":0},"end":{"line":1,"column":14}},"4":{"start":{"line":5,"column":0},"end":{"line":5,"column":64}},"5":{"start":{"line":6,"column":0},"end":{"line":6,"column":42}},"6":{"start":{"line":7,"column":0},"end":{"line":7,"column":18}},"7":{"start":{"line":8,"column":0},"end":{"line":8,"column":15}},"8":{"start":{"line":9,"column":0},"end":{"line":9,"column":68}},"9":{"start":{"line":10,"column":0},"end":{"line":10,"column":3}},"10":{"start":{"line":11,"column":0},"end":{"line":11,"column":17}},"11":{"start":{"line":12,"column":0},"end":{"line":12,"column":1}},"13":{"start":{"line":14,"column":0},"end":{"line":14,"column":49}},"14":{"start":{"line":15,"column":0},"end":{"line":15,"column":30}},"15":{"start":{"line":16,"column":0},"end":{"line":16,"column":52}},"16":{"start":{"line":17,"column":0},"end":{"line":17,"column":53}},"17":{"start":{"line":18,"column":0},"end":{"line":18,"column":51}},"18":{"start":{"line":19,"column":0},"end":{"line":19,"column":63}},"19":{"start":{"line":20,"column":0},"end":{"line":20,"column":78}},"20":{"start":{"line":21,"column":0},"end":{"line":21,"column":51}},"22":{"start":{"line":23,"column":0},"end":{"line":23,"column":34}},"23":{"start":{"line":24,"column":0},"end":{"line":24,"column":32}},"24":{"start":{"line":25,"column":0},"end":{"line":25,"column":31}},"25":{"start":{"line":26,"column":0},"end":{"line":26,"column":2}},"27":{"start":{"line":28,"column":0},"end":{"line":28,"column":36}},"28":{"start":{"line":29,"column":0},"end":{"line":29,"column":28}},"29":{"start":{"line":30,"column":0},"end":{"line":30,"column":45}},"30":{"start":{"line":31,"column":0},"end":{"line":31,"column":78}},"31":{"start":{"line":32,"column":0},"end":{"line":32,"column":2}},"33":{"start":{"line":34,"column":0},"end":{"line":34,"column":6}},"34":{"start":{"line":35,"column":0},"end":{"line":35,"column":58}},"35":{"start":{"line":36,"column":0},"end":{"line":36,"column":47}},"36":{"start":{"line":37,"column":0},"end":{"line":37,"column":57}},"37":{"start":{"line":38,"column":0},"end":{"line":38,"column":32}},"38":{"start":{"line":39,"column":0},"end":{"line":39,"column":16}},"39":{"start":{"line":40,"column":0},"end":{"line":40,"column":61}},"40":{"start":{"line":41,"column":0},"end":{"line":41,"column":6}},"41":{"start":{"line":42,"column":0},"end":{"line":42,"column":3}},"42":{"start":{"line":43,"column":0},"end":{"line":43,"column":41}},"44":{"start":{"line":45,"column":0},"end":{"line":45,"column":14}},"45":{"start":{"line":46,"column":0},"end":{"line":46,"column":7}},"46":{"start":{"line":47,"column":0},"end":{"line":47,"column":51}},"47":{"start":{"line":48,"column":0},"end":{"line":48,"column":43}},"48":{"start":{"line":49,"column":0},"end":{"line":49,"column":19}},"49":{"start":{"line":50,"column":0},"end":{"line":50,"column":61}},"50":{"start":{"line":51,"column":0},"end":{"line":51,"column":59}},"51":{"start":{"line":52,"column":0},"end":{"line":52,"column":13}},"52":{"start":{"line":53,"column":0},"end":{"line":53,"column":16}},"53":{"start":{"line":54,"column":0},"end":{"line":54,"column":70}},"54":{"start":{"line":55,"column":0},"end":{"line":55,"column":3}},"56":{"start":{"line":57,"column":0},"end":{"line":57,"column":73}},"57":{"start":{"line":58,"column":0},"end":{"line":58,"column":28}},"58":{"start":{"line":59,"column":0},"end":{"line":59,"column":16}},"59":{"start":{"line":60,"column":0},"end":{"line":60,"column":45}},"60":{"start":{"line":61,"column":0},"end":{"line":61,"column":13}},"61":{"start":{"line":62,"column":0},"end":{"line":62,"column":16}},"62":{"start":{"line":63,"column":0},"end":{"line":63,"column":75}},"63":{"start":{"line":64,"column":0},"end":{"line":64,"column":3}},"65":{"start":{"line":66,"column":0},"end":{"line":66,"column":67}},"66":{"start":{"line":67,"column":0},"end":{"line":67,"column":58}},"67":{"start":{"line":68,"column":0},"end":{"line":68,"column":11}},"68":{"start":{"line":69,"column":0},"end":{"line":69,"column":14}},"69":{"start":{"line":70,"column":0},"end":{"line":70,"column":20}},"70":{"start":{"line":71,"column":0},"end":{"line":71,"column":6}},"71":{"start":{"line":72,"column":0},"end":{"line":72,"column":5}},"72":{"start":{"line":73,"column":0},"end":{"line":73,"column":13}},"73":{"start":{"line":74,"column":0},"end":{"line":74,"column":17}},"74":{"start":{"line":75,"column":0},"end":{"line":75,"column":5}},"75":{"start":{"line":76,"column":0},"end":{"line":76,"column":60}},"76":{"start":{"line":77,"column":0},"end":{"line":77,"column":16}},"77":{"start":{"line":78,"column":0},"end":{"line":78,"column":18}},"78":{"start":{"line":79,"column":0},"end":{"line":79,"column":53}},"79":{"start":{"line":80,"column":0},"end":{"line":80,"column":9}},"80":{"start":{"line":81,"column":0},"end":{"line":81,"column":7}},"81":{"start":{"line":82,"column":0},"end":{"line":82,"column":5}},"83":{"start":{"line":84,"column":0},"end":{"line":84,"column":22}},"84":{"start":{"line":85,"column":0},"end":{"line":85,"column":31}},"85":{"start":{"line":86,"column":0},"end":{"line":86,"column":15}},"86":{"start":{"line":87,"column":0},"end":{"line":87,"column":50}},"87":{"start":{"line":88,"column":0},"end":{"line":88,"column":22}},"88":{"start":{"line":89,"column":0},"end":{"line":89,"column":5}},"89":{"start":{"line":90,"column":0},"end":{"line":90,"column":18}},"90":{"start":{"line":91,"column":0},"end":{"line":91,"column":55}},"91":{"start":{"line":92,"column":0},"end":{"line":92,"column":42}},"92":{"start":{"line":93,"column":0},"end":{"line":93,"column":12}},"93":{"start":{"line":94,"column":0},"end":{"line":94,"column":15}},"94":{"start":{"line":95,"column":0},"end":{"line":95,"column":60}},"95":{"start":{"line":96,"column":0},"end":{"line":96,"column":12}},"96":{"start":{"line":97,"column":0},"end":{"line":97,"column":84}},"97":{"start":{"line":98,"column":0},"end":{"line":98,"column":32}},"98":{"start":{"line":99,"column":0},"end":{"line":99,"column":2}},"99":{"start":{"line":100,"column":0},"end":{"line":100,"column":1}}},"s":{"0":1,"4":1,"5":1,"6":1,"7":0,"8":0,"9":0,"10":0,"11":0,"13":1,"14":9,"15":9,"16":9,"17":9,"18":9,"19":9,"20":9,"22":9,"23":9,"24":1,"25":1,"27":8,"28":9,"29":1,"30":1,"31":1,"33":7,"34":7,"35":7,"36":9,"37":2,"38":2,"39":2,"40":2,"41":2,"42":5,"44":5,"45":5,"46":5,"47":5,"48":9,"49":1,"50":1,"51":1,"52":1,"53":1,"54":1,"56":4,"57":4,"58":9,"59":1,"60":1,"61":1,"62":1,"63":1,"65":3,"66":3,"67":3,"68":3,"69":3,"70":3,"71":3,"72":3,"73":3,"74":3,"75":3,"76":3,"77":3,"78":3,"79":3,"80":3,"81":3,"83":2,"84":2,"85":2,"86":2,"87":2,"88":2,"89":9,"90":1,"91":1,"92":1,"93":1,"94":1,"95":9,"96":7,"97":7,"98":7,"99":9},"branchMap":{"0":{"type":"branch","line":7,"loc":{"start":{"line":7,"column":17},"end":{"line":12,"column":1}},"locations":[{"start":{"line":7,"column":17},"end":{"line":12,"column":1}}]},"1":{"type":"branch","line":14,"loc":{"start":{"line":14,"column":15},"end":{"line":100,"column":1}},"locations":[{"start":{"line":14,"column":15},"end":{"line":100,"column":1}}]},"2":{"type":"branch","line":24,"loc":{"start":{"line":24,"column":31},"end":{"line":26,"column":2}},"locations":[{"start":{"line":24,"column":31},"end":{"line":26,"column":2}}]},"3":{"type":"branch","line":26,"loc":{"start":{"line":26,"column":1},"end":{"line":29,"column":27}},"locations":[{"start":{"line":26,"column":1},"end":{"line":29,"column":27}}]},"4":{"type":"branch","line":29,"loc":{"start":{"line":29,"column":27},"end":{"line":32,"column":2}},"locations":[{"start":{"line":29,"column":27},"end":{"line":32,"column":2}}]},"5":{"type":"branch","line":32,"loc":{"start":{"line":32,"column":1},"end":{"line":37,"column":18}},"locations":[{"start":{"line":32,"column":1},"end":{"line":37,"column":18}}]},"6":{"type":"branch","line":37,"loc":{"start":{"line":37,"column":18},"end":{"line":37,"column":54}},"locations":[{"start":{"line":37,"column":18},"end":{"line":37,"column":54}}]},"7":{"type":"branch","line":37,"loc":{"start":{"line":37,"column":56},"end":{"line":42,"column":3}},"locations":[{"start":{"line":37,"column":56},"end":{"line":42,"column":3}}]},"8":{"type":"branch","line":42,"loc":{"start":{"line":42,"column":2},"end":{"line":49,"column":4}},"locations":[{"start":{"line":42,"column":2},"end":{"line":49,"column":4}}]},"9":{"type":"branch","line":49,"loc":{"start":{"line":49,"column":4},"end":{"line":55,"column":3}},"locations":[{"start":{"line":49,"column":4},"end":{"line":55,"column":3}}]},"10":{"type":"branch","line":55,"loc":{"start":{"line":55,"column":2},"end":{"line":59,"column":15}},"locations":[{"start":{"line":55,"column":2},"end":{"line":59,"column":15}}]},"11":{"type":"branch","line":59,"loc":{"start":{"line":59,"column":15},"end":{"line":64,"column":3}},"locations":[{"start":{"line":59,"column":15},"end":{"line":64,"column":3}}]},"12":{"type":"branch","line":64,"loc":{"start":{"line":64,"column":2},"end":{"line":82,"column":5}},"locations":[{"start":{"line":64,"column":2},"end":{"line":82,"column":5}}]},"13":{"type":"branch","line":82,"loc":{"start":{"line":82,"column":4},"end":{"line":90,"column":3}},"locations":[{"start":{"line":82,"column":4},"end":{"line":90,"column":3}}]},"14":{"type":"branch","line":90,"loc":{"start":{"line":90,"column":3},"end":{"line":96,"column":2}},"locations":[{"start":{"line":90,"column":3},"end":{"line":96,"column":2}}]},"15":{"type":"branch","line":96,"loc":{"start":{"line":96,"column":2},"end":{"line":96,"column":3}},"locations":[{"start":{"line":96,"column":2},"end":{"line":96,"column":3}}]},"16":{"type":"branch","line":96,"loc":{"start":{"line":96,"column":3},"end":{"line":99,"column":2}},"locations":[{"start":{"line":96,"column":3},"end":{"line":99,"column":2}}]}},"b":{"0":[0],"1":[9],"2":[1],"3":[8],"4":[1],"5":[7],"6":[6],"7":[2],"8":[5],"9":[1],"10":[4],"11":[1],"12":[3],"13":[2],"14":[1],"15":[0],"16":[7]},"fnMap":{"0":{"name":"handler","decl":{"start":{"line":14,"column":15},"end":{"line":100,"column":1}},"loc":{"start":{"line":14,"column":15},"end":{"line":100,"column":1}},"line":14}},"f":{"0":9}}
,"/media/simpnlm329budgie/ef264f95-2d57-4eae-85f9-710bfd4f5fc4/SimonLM329_PUBLIC/GIT/Projet_OC/P11/P11_ArgentBank_Vite-React/P11-ArgentBank/api/transactions/search.js": {"path":"/media/simpnlm329budgie/ef264f95-2d57-4eae-85f9-710bfd4f5fc4/SimonLM329_PUBLIC/GIT/Projet_OC/P11/P11_ArgentBank_Vite-React/P11-ArgentBank/api/transactions/search.js","all":false,"statementMap":{"0":{"start":{"line":1,"column":0},"end":{"line":1,"column":14}},"5":{"start":{"line":6,"column":0},"end":{"line":6,"column":66}},"7":{"start":{"line":8,"column":0},"end":{"line":8,"column":49}},"8":{"start":{"line":9,"column":0},"end":{"line":9,"column":38}},"9":{"start":{"line":10,"column":0},"end":{"line":10,"column":46}},"10":{"start":{"line":11,"column":0},"end":{"line":11,"column":56}},"11":{"start":{"line":12,"column":0},"end":{"line":12,"column":72}},"12":{"start":{"line":13,"column":0},"end":{"line":13,"column":2}},"13":{"start":{"line":14,"column":0},"end":{"line":14,"column":40}},"15":{"start":{"line":16,"column":0},"end":{"line":16,"column":6}},"16":{"start":{"line":17,"column":0},"end":{"line":17,"column":25}},"17":{"start":{"line":18,"column":0},"end":{"line":18,"column":48}},"18":{"start":{"line":19,"column":0},"end":{"line":19,"column":28}},"20":{"start":{"line":21,"column":0},"end":{"line":21,"column":43}},"21":{"start":{"line":22,"column":0},"end":{"line":22,"column":9}},"22":{"start":{"line":23,"column":0},"end":{"line":23,"column":13}},"23":{"start":{"line":24,"column":0},"end":{"line":24,"column":14}},"24":{"start":{"line":25,"column":0},"end":{"line":25,"column":12}},"25":{"start":{"line":26,"column":0},"end":{"line":26,"column":12}},"26":{"start":{"line":27,"column":0},"end":{"line":27,"column":10}},"27":{"start":{"line":28,"column":0},"end":{"line":28,"column":13}},"28":{"start":{"line":29,"column":0},"end":{"line":29,"column":13}},"29":{"start":{"line":30,"column":0},"end":{"line":30,"column":8}},"30":{"start":{"line":31,"column":0},"end":{"line":31,"column":12}},"31":{"start":{"line":32,"column":0},"end":{"line":32,"column":14}},"32":{"start":{"line":33,"column":0},"end":{"line":33,"column":19}},"33":{"start":{"line":34,"column":0},"end":{"line":34,"column":22}},"34":{"start":{"line":35,"column":0},"end":{"line":35,"column":16}},"36":{"start":{"line":37,"column":0},"end":{"line":37,"column":29}},"37":{"start":{"line":38,"column":0},"end":{"line":38,"column":23}},"38":{"start":{"line":39,"column":0},"end":{"line":39,"column":23}},"39":{"start":{"line":40,"column":0},"end":{"line":40,"column":4}},"41":{"start":{"line":42,"column":0},"end":{"line":42,"column":34}},"42":{"start":{"line":43,"column":0},"end":{"line":43,"column":18}},"43":{"start":{"line":44,"column":0},"end":{"line":44,"column":37}},"44":{"start":{"line":45,"column":0},"end":{"line":45,"column":3}},"46":{"start":{"line":47,"column":0},"end":{"line":47,"column":34}},"47":{"start":{"line":48,"column":0},"end":{"line":48,"column":19}},"48":{"start":{"line":49,"column":0},"end":{"line":49,"column":21}},"49":{"start":{"line":50,"column":0},"end":{"line":50,"column":67}},"50":{"start":{"line":51,"column":0},"end":{"line":51,"column":61}},"51":{"start":{"line":52,"column":0},"end":{"line":52,"column":64}},"52":{"start":{"line":53,"column":0},"end":{"line":53,"column":5}},"54":{"start":{"line":55,"column":0},"end":{"line":55,"column":40}},"55":{"start":{"line":56,"column":0},"end":{"line":56,"column":49}},"56":{"start":{"line":57,"column":0},"end":{"line":57,"column":5}},"57":{"start":{"line":58,"column":0},"end":{"line":58,"column":32}},"59":{"start":{"line":60,"column":0},"end":{"line":60,"column":71}},"60":{"start":{"line":61,"column":0},"end":{"line":61,"column":47}},"62":{"start":{"line":63,"column":0},"end":{"line":63,"column":19}},"63":{"start":{"line":64,"column":0},"end":{"line":64,"column":25}},"64":{"start":{"line":65,"column":0},"end":{"line":65,"column":14}},"65":{"start":{"line":66,"column":0},"end":{"line":66,"column":36}},"66":{"start":{"line":67,"column":0},"end":{"line":67,"column":36}},"67":{"start":{"line":68,"column":0},"end":{"line":68,"column":7}},"68":{"start":{"line":69,"column":0},"end":{"line":69,"column":7}},"69":{"start":{"line":70,"column":0},"end":{"line":70,"column":4}},"71":{"start":{"line":72,"column":0},"end":{"line":72,"column":16}},"72":{"start":{"line":73,"column":0},"end":{"line":73,"column":9}},"73":{"start":{"line":74,"column":0},"end":{"line":74,"column":42}},"74":{"start":{"line":75,"column":0},"end":{"line":75,"column":48}},"75":{"start":{"line":76,"column":0},"end":{"line":76,"column":43}},"76":{"start":{"line":77,"column":0},"end":{"line":77,"column":54}},"78":{"start":{"line":79,"column":0},"end":{"line":79,"column":63}},"79":{"start":{"line":80,"column":0},"end":{"line":80,"column":64}},"81":{"start":{"line":82,"column":0},"end":{"line":82,"column":26}},"82":{"start":{"line":83,"column":0},"end":{"line":83,"column":13}},"83":{"start":{"line":84,"column":0},"end":{"line":84,"column":22}},"84":{"start":{"line":85,"column":0},"end":{"line":85,"column":20}},"85":{"start":{"line":86,"column":0},"end":{"line":86,"column":8}},"86":{"start":{"line":87,"column":0},"end":{"line":87,"column":8}},"87":{"start":{"line":88,"column":0},"end":{"line":88,"column":17}},"88":{"start":{"line":89,"column":0},"end":{"line":89,"column":44}},"89":{"start":{"line":90,"column":0},"end":{"line":90,"column":5}},"90":{"start":{"line":91,"column":0},"end":{"line":91,"column":4}},"91":{"start":{"line":92,"column":0},"end":{"line":92,"column":3}},"93":{"start":{"line":94,"column":0},"end":{"line":94,"column":25}},"94":{"start":{"line":95,"column":0},"end":{"line":95,"column":48}},"95":{"start":{"line":96,"column":0},"end":{"line":96,"column":36}},"96":{"start":{"line":97,"column":0},"end":{"line":97,"column":15}},"97":{"start":{"line":98,"column":0},"end":{"line":98,"column":71}},"98":{"start":{"line":99,"column":0},"end":{"line":99,"column":13}},"99":{"start":{"line":100,"column":0},"end":{"line":100,"column":69}},"100":{"start":{"line":101,"column":0},"end":{"line":101,"column":16}},"101":{"start":{"line":102,"column":0},"end":{"line":102,"column":25}},"102":{"start":{"line":103,"column":0},"end":{"line":103,"column":26}},"103":{"start":{"line":104,"column":0},"end":{"line":104,"column":31}},"104":{"start":{"line":105,"column":0},"end":{"line":105,"column":5}},"105":{"start":{"line":106,"column":0},"end":{"line":106,"column":16}},"106":{"start":{"line":107,"column":0},"end":{"line":107,"column":25}},"107":{"start":{"line":108,"column":0},"end":{"line":108,"column":26}},"108":{"start":{"line":109,"column":0},"end":{"line":109,"column":31}},"109":{"start":{"line":110,"column":0},"end":{"line":110,"column":5}},"111":{"start":{"line":112,"column":0},"end":{"line":112,"column":28}},"112":{"start":{"line":113,"column":0},"end":{"line":113,"column":54}},"113":{"start":{"line":114,"column":0},"end":{"line":114,"column":31}},"115":{"start":{"line":116,"column":0},"end":{"line":116,"column":33}},"116":{"start":{"line":117,"column":0},"end":{"line":117,"column":51}},"117":{"start":{"line":118,"column":0},"end":{"line":118,"column":32}},"118":{"start":{"line":119,"column":0},"end":{"line":119,"column":23}},"119":{"start":{"line":120,"column":0},"end":{"line":120,"column":37}},"120":{"start":{"line":121,"column":0},"end":{"line":121,"column":9}},"121":{"start":{"line":122,"column":0},"end":{"line":122,"column":9}},"122":{"start":{"line":123,"column":0},"end":{"line":123,"column":14}},"123":{"start":{"line":124,"column":0},"end":{"line":124,"column":15}},"124":{"start":{"line":125,"column":0},"end":{"line":125,"column":15}},"125":{"start":{"line":126,"column":0},"end":{"line":126,"column":27}},"126":{"start":{"line":127,"column":0},"end":{"line":127,"column":18}},"127":{"start":{"line":128,"column":0},"end":{"line":128,"column":8}},"128":{"start":{"line":129,"column":0},"end":{"line":129,"column":7}},"129":{"start":{"line":130,"column":0},"end":{"line":130,"column":6}},"130":{"start":{"line":131,"column":0},"end":{"line":131,"column":6}},"131":{"start":{"line":132,"column":0},"end":{"line":132,"column":52}},"132":{"start":{"line":133,"column":0},"end":{"line":133,"column":5}},"134":{"start":{"line":135,"column":0},"end":{"line":135,"column":28}},"135":{"start":{"line":136,"column":0},"end":{"line":136,"column":31}},"136":{"start":{"line":137,"column":0},"end":{"line":137,"column":15}},"137":{"start":{"line":138,"column":0},"end":{"line":138,"column":50}},"138":{"start":{"line":139,"column":0},"end":{"line":139,"column":10}},"139":{"start":{"line":140,"column":0},"end":{"line":140,"column":17}},"140":{"start":{"line":141,"column":0},"end":{"line":141,"column":17}},"141":{"start":{"line":142,"column":0},"end":{"line":142,"column":11}},"142":{"start":{"line":143,"column":0},"end":{"line":143,"column":26}},"143":{"start":{"line":144,"column":0},"end":{"line":144,"column":28}},"144":{"start":{"line":145,"column":0},"end":{"line":145,"column":47}},"145":{"start":{"line":146,"column":0},"end":{"line":146,"column":6}},"146":{"start":{"line":147,"column":0},"end":{"line":147,"column":5}},"147":{"start":{"line":148,"column":0},"end":{"line":148,"column":5}},"148":{"start":{"line":149,"column":0},"end":{"line":149,"column":18}},"149":{"start":{"line":150,"column":0},"end":{"line":150,"column":53}},"150":{"start":{"line":151,"column":0},"end":{"line":151,"column":12}},"151":{"start":{"line":152,"column":0},"end":{"line":152,"column":15}},"152":{"start":{"line":153,"column":0},"end":{"line":153,"column":60}},"153":{"start":{"line":154,"column":0},"end":{"line":154,"column":2}},"154":{"start":{"line":155,"column":0},"end":{"line":155,"column":1}}},"s":{"0":1,"5":1,"7":1,"8":19,"9":19,"10":19,"11":2,"12":2,"13":17,"15":17,"16":17,"17":17,"18":17,"20":17,"21":17,"22":17,"23":17,"24":17,"25":17,"26":17,"27":17,"28":17,"29":17,"30":17,"31":17,"32":17,"33":17,"34":17,"36":17,"37":17,"38":17,"39":17,"41":17,"42":19,"43":1,"44":1,"46":16,"47":19,"48":3,"49":3,"50":3,"51":3,"52":3,"54":3,"55":3,"56":3,"57":3,"59":3,"60":3,"62":3,"63":2,"64":2,"65":2,"66":2,"67":2,"68":2,"69":2,"71":3,"72":1,"73":1,"74":1,"75":1,"76":1,"78":1,"79":1,"81":1,"82":1,"83":1,"84":1,"85":1,"86":1,"87":1,"88":0,"89":0,"90":1,"91":3,"93":16,"94":19,"95":19,"96":16,"97":19,"98":16,"99":19,"100":16,"101":19,"102":1,"103":1,"104":1,"105":16,"106":19,"107":1,"108":1,"109":1,"111":16,"112":16,"113":16,"115":16,"116":16,"117":16,"118":16,"119":16,"120":16,"121":16,"122":16,"123":16,"124":16,"125":16,"126":16,"127":16,"128":16,"129":16,"130":16,"131":16,"132":16,"134":13,"135":13,"136":13,"137":13,"138":13,"139":13,"140":13,"141":13,"142":13,"143":13,"144":13,"145":13,"146":13,"147":13,"148":19,"149":4,"150":4,"151":4,"152":4,"153":4,"154":19},"branchMap":{"0":{"type":"branch","line":6,"loc":{"start":{"line":6,"column":42},"end":{"line":6,"column":65}},"locations":[{"start":{"line":6,"column":42},"end":{"line":6,"column":65}}]},"1":{"type":"branch","line":8,"loc":{"start":{"line":8,"column":15},"end":{"line":155,"column":1}},"locations":[{"start":{"line":8,"column":15},"end":{"line":155,"column":1}}]},"2":{"type":"branch","line":11,"loc":{"start":{"line":11,"column":17},"end":{"line":11,"column":53}},"locations":[{"start":{"line":11,"column":17},"end":{"line":11,"column":53}}]},"3":{"type":"branch","line":11,"loc":{"start":{"line":11,"column":55},"end":{"line":13,"column":2}},"locations":[{"start":{"line":11,"column":55},"end":{"line":13,"column":2}}]},"4":{"type":"branch","line":13,"loc":{"start":{"line":13,"column":1},"end":{"line":43,"column":17}},"locations":[{"start":{"line":13,"column":1},"end":{"line":43,"column":17}}]},"5":{"type":"branch","line":43,"loc":{"start":{"line":43,"column":17},"end":{"line":45,"column":3}},"locations":[{"start":{"line":43,"column":17},"end":{"line":45,"column":3}}]},"6":{"type":"branch","line":45,"loc":{"start":{"line":45,"column":2},"end":{"line":48,"column":18}},"locations":[{"start":{"line":45,"column":2},"end":{"line":48,"column":18}}]},"7":{"type":"branch","line":48,"loc":{"start":{"line":48,"column":18},"end":{"line":92,"column":3}},"locations":[{"start":{"line":48,"column":18},"end":{"line":92,"column":3}}]},"8":{"type":"branch","line":63,"loc":{"start":{"line":63,"column":18},"end":{"line":70,"column":4}},"locations":[{"start":{"line":63,"column":18},"end":{"line":70,"column":4}}]},"9":{"type":"branch","line":72,"loc":{"start":{"line":72,"column":15},"end":{"line":91,"column":4}},"locations":[{"start":{"line":72,"column":15},"end":{"line":91,"column":4}}]},"10":{"type":"branch","line":77,"loc":{"start":{"line":77,"column":33},"end":{"line":77,"column":46}},"locations":[{"start":{"line":77,"column":33},"end":{"line":77,"column":46}}]},"11":{"type":"branch","line":88,"loc":{"start":{"line":88,"column":6},"end":{"line":90,"column":5}},"locations":[{"start":{"line":88,"column":6},"end":{"line":90,"column":5}}]},"12":{"type":"branch","line":92,"loc":{"start":{"line":92,"column":2},"end":{"line":95,"column":16}},"locations":[{"start":{"line":92,"column":2},"end":{"line":95,"column":16}}]},"13":{"type":"branch","line":95,"loc":{"start":{"line":95,"column":16},"end":{"line":95,"column":48}},"locations":[{"start":{"line":95,"column":16},"end":{"line":95,"column":48}}]},"14":{"type":"branch","line":95,"loc":{"start":{"line":95,"column":47},"end":{"line":96,"column":12}},"locations":[{"start":{"line":95,"column":47},"end":{"line":96,"column":12}}]},"15":{"type":"branch","line":96,"loc":{"start":{"line":96,"column":12},"end":{"line":96,"column":36}},"locations":[{"start":{"line":96,"column":12},"end":{"line":96,"column":36}}]},"16":{"type":"branch","line":96,"loc":{"start":{"line":96,"column":35},"end":{"line":98,"column":3}},"locations":[{"start":{"line":96,"column":35},"end":{"line":98,"column":3}}]},"17":{"type":"branch","line":98,"loc":{"start":{"line":98,"column":3},"end":{"line":98,"column":71}},"locations":[{"start":{"line":98,"column":3},"end":{"line":98,"column":71}}]},"18":{"type":"branch","line":98,"loc":{"start":{"line":98,"column":70},"end":{"line":100,"column":3}},"locations":[{"start":{"line":98,"column":70},"end":{"line":100,"column":3}}]},"19":{"type":"branch","line":100,"loc":{"start":{"line":100,"column":3},"end":{"line":100,"column":69}},"locations":[{"start":{"line":100,"column":3},"end":{"line":100,"column":69}}]},"20":{"type":"branch","line":100,"loc":{"start":{"line":100,"column":68},"end":{"line":102,"column":3}},"locations":[{"start":{"line":100,"column":68},"end":{"line":102,"column":3}}]},"21":{"type":"branch","line":102,"loc":{"start":{"line":102,"column":3},"end":{"line":105,"column":5}},"locations":[{"start":{"line":102,"column":3},"end":{"line":105,"column":5}}]},"22":{"type":"branch","line":105,"loc":{"start":{"line":105,"column":4},"end":{"line":107,"column":3}},"locations":[{"start":{"line":105,"column":4},"end":{"line":107,"column":3}}]},"23":{"type":"branch","line":107,"loc":{"start":{"line":107,"column":3},"end":{"line":110,"column":5}},"locations":[{"start":{"line":107,"column":3},"end":{"line":110,"column":5}}]},"24":{"type":"branch","line":110,"loc":{"start":{"line":110,"column":4},"end":{"line":133,"column":5}},"locations":[{"start":{"line":110,"column":4},"end":{"line":133,"column":5}}]},"25":{"type":"branch","line":133,"loc":{"start":{"line":133,"column":4},"end":{"line":149,"column":3}},"locations":[{"start":{"line":133,"column":4},"end":{"line":149,"column":3}}]},"26":{"type":"branch","line":149,"loc":{"start":{"line":149,"column":3},"end":{"line":154,"column":2}},"locations":[{"start":{"line":149,"column":3},"end":{"line":154,"column":2}}]}},"b":{"0":[0],"1":[19],"2":[18],"3":[2],"4":[17],"5":[1],"6":[16],"7":[3],"8":[2],"9":[1],"10":[0],"11":[0],"12":[16],"13":[1],"14":[16],"15":[1],"16":[16],"17":[1],"18":[16],"19":[1],"20":[16],"21":[1],"22":[16],"23":[1],"24":[16],"25":[13],"26":[4]},"fnMap":{"0":{"name":"handler","decl":{"start":{"line":8,"column":15},"end":{"line":155,"column":1}},"loc":{"start":{"line":8,"column":15},"end":{"line":155,"column":1}},"line":8}},"f":{"0":19}}
,"/media/simpnlm329budgie/ef264f95-2d57-4eae-85f9-710bfd4f5fc4/SimonLM329_PUBLIC/GIT/Projet_OC/P11/P11_ArgentBank_Vite-React/P11-ArgentBank/api/user/login.js": {"path":"/media/simpnlm329budgie/ef264f95-2d57-4eae-85f9-710bfd4f5fc4/SimonLM329_PUBLIC/GIT/Projet_OC/P11/P11_ArgentBank_Vite-React/P11-ArgentBank/api/user/login.js","all":false,"statementMap":{"0":{"start":{"line":1,"column":0},"end":{"line":1,"column":14}},"6":{"start":{"line":7,"column":0},"end":{"line":7,"column":66}},"8":{"start":{"line":9,"column":0},"end":{"line":9,"column":49}},"9":{"start":{"line":10,"column":0},"end":{"line":10,"column":51}},"10":{"start":{"line":11,"column":0},"end":{"line":11,"column":64}},"11":{"start":{"line":12,"column":0},"end":{"line":12,"column":78}},"12":{"start":{"line":13,"column":0},"end":{"line":13,"column":51}},"14":{"start":{"line":15,"column":0},"end":{"line":15,"column":32}},"15":{"start":{"line":16,"column":0},"end":{"line":16,"column":31}},"16":{"start":{"line":17,"column":0},"end":{"line":17,"column":2}},"18":{"start":{"line":19,"column":0},"end":{"line":19,"column":29}},"19":{"start":{"line":20,"column":0},"end":{"line":20,"column":31}},"20":{"start":{"line":21,"column":0},"end":{"line":21,"column":15}},"21":{"start":{"line":22,"column":0},"end":{"line":22,"column":33}},"22":{"start":{"line":23,"column":0},"end":{"line":23,"column":5}},"23":{"start":{"line":24,"column":0},"end":{"line":24,"column":2}},"25":{"start":{"line":26,"column":0},"end":{"line":26,"column":70}},"26":{"start":{"line":27,"column":0},"end":{"line":27,"column":32}},"27":{"start":{"line":28,"column":0},"end":{"line":28,"column":9}},"28":{"start":{"line":29,"column":0},"end":{"line":29,"column":2}},"30":{"start":{"line":31,"column":0},"end":{"line":31,"column":17}},"31":{"start":{"line":32,"column":0},"end":{"line":32,"column":2}},"33":{"start":{"line":34,"column":0},"end":{"line":34,"column":6}},"34":{"start":{"line":35,"column":0},"end":{"line":35,"column":39}},"36":{"start":{"line":37,"column":0},"end":{"line":37,"column":28}},"37":{"start":{"line":38,"column":0},"end":{"line":38,"column":32}},"38":{"start":{"line":39,"column":0},"end":{"line":39,"column":16}},"39":{"start":{"line":40,"column":0},"end":{"line":40,"column":47}},"40":{"start":{"line":41,"column":0},"end":{"line":41,"column":6}},"41":{"start":{"line":42,"column":0},"end":{"line":42,"column":3}},"43":{"start":{"line":44,"column":0},"end":{"line":44,"column":45}},"44":{"start":{"line":45,"column":0},"end":{"line":45,"column":20}},"45":{"start":{"line":46,"column":0},"end":{"line":46,"column":5}},"47":{"start":{"line":48,"column":0},"end":{"line":48,"column":30}},"48":{"start":{"line":49,"column":0},"end":{"line":49,"column":50}},"49":{"start":{"line":50,"column":0},"end":{"line":50,"column":11}},"51":{"start":{"line":52,"column":0},"end":{"line":52,"column":25}},"52":{"start":{"line":53,"column":0},"end":{"line":53,"column":32}},"53":{"start":{"line":54,"column":0},"end":{"line":54,"column":16}},"54":{"start":{"line":55,"column":0},"end":{"line":55,"column":41}},"55":{"start":{"line":56,"column":0},"end":{"line":56,"column":6}},"56":{"start":{"line":57,"column":0},"end":{"line":57,"column":3}},"58":{"start":{"line":59,"column":0},"end":{"line":59,"column":75}},"60":{"start":{"line":61,"column":0},"end":{"line":61,"column":31}},"61":{"start":{"line":62,"column":0},"end":{"line":62,"column":15}},"62":{"start":{"line":63,"column":0},"end":{"line":63,"column":42}},"63":{"start":{"line":64,"column":0},"end":{"line":64,"column":19}},"64":{"start":{"line":65,"column":0},"end":{"line":65,"column":5}},"65":{"start":{"line":66,"column":0},"end":{"line":66,"column":18}},"66":{"start":{"line":67,"column":0},"end":{"line":67,"column":39}},"67":{"start":{"line":68,"column":0},"end":{"line":68,"column":31}},"68":{"start":{"line":69,"column":0},"end":{"line":69,"column":15}},"69":{"start":{"line":70,"column":0},"end":{"line":70,"column":36}},"70":{"start":{"line":71,"column":0},"end":{"line":71,"column":5}},"71":{"start":{"line":72,"column":0},"end":{"line":72,"column":2}},"72":{"start":{"line":73,"column":0},"end":{"line":73,"column":1}}},"s":{"0":1,"6":1,"8":1,"9":5,"10":5,"11":5,"12":5,"14":5,"15":0,"16":0,"18":5,"19":0,"20":0,"21":0,"22":0,"23":0,"25":5,"26":5,"27":1,"28":1,"30":5,"31":0,"33":4,"34":4,"36":5,"37":0,"38":0,"39":0,"40":0,"41":0,"43":4,"44":4,"45":4,"47":3,"48":5,"49":5,"51":5,"52":2,"53":2,"54":2,"55":2,"56":2,"58":1,"60":1,"61":1,"62":1,"63":1,"64":1,"65":1,"66":1,"67":1,"68":1,"69":1,"70":1,"71":1,"72":5},"branchMap":{"0":{"type":"branch","line":9,"loc":{"start":{"line":9,"column":15},"end":{"line":73,"column":1}},"locations":[{"start":{"line":9,"column":15},"end":{"line":73,"column":1}}]},"1":{"type":"branch","line":15,"loc":{"start":{"line":15,"column":31},"end":{"line":17,"column":2}},"locations":[{"start":{"line":15,"column":31},"end":{"line":17,"column":2}}]},"2":{"type":"branch","line":19,"loc":{"start":{"line":19,"column":28},"end":{"line":24,"column":2}},"locations":[{"start":{"line":19,"column":28},"end":{"line":24,"column":2}}]},"3":{"type":"branch","line":27,"loc":{"start":{"line":27,"column":31},"end":{"line":29,"column":2}},"locations":[{"start":{"line":27,"column":31},"end":{"line":29,"column":2}}]},"4":{"type":"branch","line":29,"loc":{"start":{"line":29,"column":1},"end":{"line":31,"column":16}},"locations":[{"start":{"line":29,"column":1},"end":{"line":31,"column":16}}]},"5":{"type":"branch","line":31,"loc":{"start":{"line":31,"column":16},"end":{"line":32,"column":2}},"locations":[{"start":{"line":31,"column":16},"end":{"line":32,"column":2}}]},"6":{"type":"branch","line":32,"loc":{"start":{"line":32,"column":1},"end":{"line":37,"column":25}},"locations":[{"start":{"line":32,"column":1},"end":{"line":37,"column":25}}]},"7":{"type":"branch","line":37,"loc":{"start":{"line":37,"column":27},"end":{"line":42,"column":3}},"locations":[{"start":{"line":37,"column":27},"end":{"line":42,"column":3}}]},"8":{"type":"branch","line":42,"loc":{"start":{"line":42,"column":2},"end":{"line":46,"column":5}},"locations":[{"start":{"line":42,"column":2},"end":{"line":46,"column":5}}]},"9":{"type":"branch","line":46,"loc":{"start":{"line":46,"column":4},"end":{"line":49,"column":3}},"locations":[{"start":{"line":46,"column":4},"end":{"line":49,"column":3}}]},"10":{"type":"branch","line":49,"loc":{"start":{"line":49,"column":3},"end":{"line":50,"column":3}},"locations":[{"start":{"line":49,"column":3},"end":{"line":50,"column":3}}]},"11":{"type":"branch","line":50,"loc":{"start":{"line":50,"column":3},"end":{"line":50,"column":10}},"locations":[{"start":{"line":50,"column":3},"end":{"line":50,"column":10}}]},"12":{"type":"branch","line":52,"loc":{"start":{"line":52,"column":24},"end":{"line":57,"column":3}},"locations":[{"start":{"line":52,"column":24},"end":{"line":57,"column":3}}]},"13":{"type":"branch","line":57,"loc":{"start":{"line":57,"column":2},"end":{"line":72,"column":2}},"locations":[{"start":{"line":57,"column":2},"end":{"line":72,"column":2}}]}},"b":{"0":[5],"1":[0],"2":[0],"3":[1],"4":[4],"5":[0],"6":[4],"7":[0],"8":[4],"9":[3],"10":[2],"11":[1],"12":[2],"13":[1]},"fnMap":{"0":{"name":"handler","decl":{"start":{"line":9,"column":15},"end":{"line":73,"column":1}},"loc":{"start":{"line":9,"column":15},"end":{"line":73,"column":1}},"line":9}},"f":{"0":5}}
,"/media/simpnlm329budgie/ef264f95-2d57-4eae-85f9-710bfd4f5fc4/SimonLM329_PUBLIC/GIT/Projet_OC/P11/P11_ArgentBank_Vite-React/P11-ArgentBank/api/user/profile.js": {"path":"/media/simpnlm329budgie/ef264f95-2d57-4eae-85f9-710bfd4f5fc4/SimonLM329_PUBLIC/GIT/Projet_OC/P11/P11_ArgentBank_Vite-React/P11-ArgentBank/api/user/profile.js","all":false,"statementMap":{"0":{"start":{"line":1,"column":0},"end":{"line":1,"column":14}},"8":{"start":{"line":9,"column":0},"end":{"line":9,"column":66}},"10":{"start":{"line":11,"column":0},"end":{"line":11,"column":49}},"11":{"start":{"line":12,"column":0},"end":{"line":12,"column":28}},"12":{"start":{"line":13,"column":0},"end":{"line":13,"column":47}},"13":{"start":{"line":14,"column":0},"end":{"line":14,"column":57}},"14":{"start":{"line":15,"column":0},"end":{"line":15,"column":49}},"15":{"start":{"line":16,"column":0},"end":{"line":16,"column":73}},"16":{"start":{"line":17,"column":0},"end":{"line":17,"column":3}},"18":{"start":{"line":19,"column":0},"end":{"line":19,"column":41}},"19":{"start":{"line":20,"column":0},"end":{"line":20,"column":7}},"20":{"start":{"line":21,"column":0},"end":{"line":21,"column":49}},"21":{"start":{"line":22,"column":0},"end":{"line":22,"column":76}},"22":{"start":{"line":23,"column":0},"end":{"line":23,"column":15}},"23":{"start":{"line":24,"column":0},"end":{"line":24,"column":76}},"24":{"start":{"line":25,"column":0},"end":{"line":25,"column":4}},"25":{"start":{"line":26,"column":0},"end":{"line":26,"column":32}},"26":{"start":{"line":27,"column":0},"end":{"line":27,"column":16}},"27":{"start":{"line":28,"column":0},"end":{"line":28,"column":51}},"28":{"start":{"line":29,"column":0},"end":{"line":29,"column":11}},"29":{"start":{"line":30,"column":0},"end":{"line":30,"column":17}},"30":{"start":{"line":31,"column":0},"end":{"line":31,"column":23}},"31":{"start":{"line":32,"column":0},"end":{"line":32,"column":29}},"32":{"start":{"line":33,"column":0},"end":{"line":33,"column":31}},"33":{"start":{"line":34,"column":0},"end":{"line":34,"column":29}},"34":{"start":{"line":35,"column":0},"end":{"line":35,"column":31}},"35":{"start":{"line":36,"column":0},"end":{"line":36,"column":31}},"36":{"start":{"line":37,"column":0},"end":{"line":37,"column":6}},"37":{"start":{"line":38,"column":0},"end":{"line":38,"column":6}},"38":{"start":{"line":39,"column":0},"end":{"line":39,"column":19}},"39":{"start":{"line":40,"column":0},"end":{"line":40,"column":42}},"40":{"start":{"line":41,"column":0},"end":{"line":41,"column":13}},"41":{"start":{"line":42,"column":0},"end":{"line":42,"column":16}},"42":{"start":{"line":43,"column":0},"end":{"line":43,"column":61}},"43":{"start":{"line":44,"column":0},"end":{"line":44,"column":3}},"44":{"start":{"line":45,"column":0},"end":{"line":45,"column":2}},"45":{"start":{"line":46,"column":0},"end":{"line":46,"column":54}},"46":{"start":{"line":47,"column":0},"end":{"line":47,"column":42}},"47":{"start":{"line":48,"column":0},"end":{"line":48,"column":47}},"48":{"start":{"line":49,"column":0},"end":{"line":49,"column":57}},"49":{"start":{"line":50,"column":0},"end":{"line":50,"column":73}},"50":{"start":{"line":51,"column":0},"end":{"line":51,"column":3}},"51":{"start":{"line":52,"column":0},"end":{"line":52,"column":41}},"53":{"start":{"line":54,"column":0},"end":{"line":54,"column":7}},"54":{"start":{"line":55,"column":0},"end":{"line":55,"column":35}},"55":{"start":{"line":56,"column":0},"end":{"line":56,"column":49}},"56":{"start":{"line":57,"column":0},"end":{"line":57,"column":20}},"57":{"start":{"line":58,"column":0},"end":{"line":58,"column":33}},"58":{"start":{"line":59,"column":0},"end":{"line":59,"column":17}},"59":{"start":{"line":60,"column":0},"end":{"line":60,"column":35}},"60":{"start":{"line":61,"column":0},"end":{"line":61,"column":7}},"61":{"start":{"line":62,"column":0},"end":{"line":62,"column":4}},"63":{"start":{"line":64,"column":0},"end":{"line":64,"column":49}},"65":{"start":{"line":66,"column":0},"end":{"line":66,"column":58}},"66":{"start":{"line":67,"column":0},"end":{"line":67,"column":51}},"67":{"start":{"line":68,"column":0},"end":{"line":68,"column":33}},"68":{"start":{"line":69,"column":0},"end":{"line":69,"column":17}},"69":{"start":{"line":70,"column":0},"end":{"line":70,"column":35}},"70":{"start":{"line":71,"column":0},"end":{"line":71,"column":7}},"71":{"start":{"line":72,"column":0},"end":{"line":72,"column":4}},"73":{"start":{"line":74,"column":0},"end":{"line":74,"column":35}},"74":{"start":{"line":75,"column":0},"end":{"line":75,"column":53}},"75":{"start":{"line":76,"column":0},"end":{"line":76,"column":8}},"76":{"start":{"line":77,"column":0},"end":{"line":77,"column":8}},"77":{"start":{"line":78,"column":0},"end":{"line":78,"column":20}},"78":{"start":{"line":79,"column":0},"end":{"line":79,"column":5}},"79":{"start":{"line":80,"column":0},"end":{"line":80,"column":34}},"80":{"start":{"line":81,"column":0},"end":{"line":81,"column":11}},"81":{"start":{"line":82,"column":0},"end":{"line":82,"column":4}},"83":{"start":{"line":84,"column":0},"end":{"line":84,"column":42}},"84":{"start":{"line":85,"column":0},"end":{"line":85,"column":23}},"85":{"start":{"line":86,"column":0},"end":{"line":86,"column":15}},"86":{"start":{"line":87,"column":0},"end":{"line":87,"column":17}},"87":{"start":{"line":88,"column":0},"end":{"line":88,"column":36}},"88":{"start":{"line":89,"column":0},"end":{"line":89,"column":32}},"89":{"start":{"line":90,"column":0},"end":{"line":90,"column":19}},"90":{"start":{"line":91,"column":0},"end":{"line":91,"column":8}},"91":{"start":{"line":92,"column":0},"end":{"line":92,"column":28}},"92":{"start":{"line":93,"column":0},"end":{"line":93,"column":7}},"93":{"start":{"line":94,"column":0},"end":{"line":94,"column":9}},"94":{"start":{"line":95,"column":0},"end":{"line":95,"column":28}},"95":{"start":{"line":96,"column":0},"end":{"line":96,"column":13}},"96":{"start":{"line":97,"column":0},"end":{"line":97,"column":15}},"97":{"start":{"line":98,"column":0},"end":{"line":98,"column":5}},"98":{"start":{"line":99,"column":0},"end":{"line":99,"column":4}},"100":{"start":{"line":101,"column":0},"end":{"line":101,"column":31}},"101":{"start":{"line":102,"column":0},"end":{"line":102,"column":50}},"102":{"start":{"line":103,"column":0},"end":{"line":103,"column":46}},"103":{"start":{"line":104,"column":0},"end":{"line":104,"column":14}},"104":{"start":{"line":105,"column":0},"end":{"line":105,"column":17}},"105":{"start":{"line":106,"column":0},"end":{"line":106,"column":60}},"106":{"start":{"line":107,"column":0},"end":{"line":107,"column":4}},"107":{"start":{"line":108,"column":0},"end":{"line":108,"column":18}},"108":{"start":{"line":109,"column":0},"end":{"line":109,"column":63}},"109":{"start":{"line":110,"column":0},"end":{"line":110,"column":31}},"110":{"start":{"line":111,"column":0},"end":{"line":111,"column":34}},"111":{"start":{"line":112,"column":0},"end":{"line":112,"column":18}},"112":{"start":{"line":113,"column":0},"end":{"line":113,"column":55}},"113":{"start":{"line":114,"column":0},"end":{"line":114,"column":8}},"114":{"start":{"line":115,"column":0},"end":{"line":115,"column":5}},"115":{"start":{"line":116,"column":0},"end":{"line":116,"column":4}},"117":{"start":{"line":118,"column":0},"end":{"line":118,"column":35}},"118":{"start":{"line":119,"column":0},"end":{"line":119,"column":34}},"119":{"start":{"line":120,"column":0},"end":{"line":120,"column":58}},"120":{"start":{"line":121,"column":0},"end":{"line":121,"column":42}},"121":{"start":{"line":122,"column":0},"end":{"line":122,"column":4}},"123":{"start":{"line":124,"column":0},"end":{"line":124,"column":37}},"124":{"start":{"line":125,"column":0},"end":{"line":125,"column":49}},"125":{"start":{"line":126,"column":0},"end":{"line":126,"column":30}},"126":{"start":{"line":127,"column":0},"end":{"line":127,"column":11}},"127":{"start":{"line":128,"column":0},"end":{"line":128,"column":39}},"128":{"start":{"line":129,"column":0},"end":{"line":129,"column":41}},"129":{"start":{"line":130,"column":0},"end":{"line":130,"column":39}},"130":{"start":{"line":131,"column":0},"end":{"line":131,"column":6}},"131":{"start":{"line":132,"column":0},"end":{"line":132,"column":6}},"133":{"start":{"line":134,"column":0},"end":{"line":134,"column":16}},"134":{"start":{"line":135,"column":0},"end":{"line":135,"column":32}},"135":{"start":{"line":136,"column":0},"end":{"line":136,"column":16}},"136":{"start":{"line":137,"column":0},"end":{"line":137,"column":49}},"137":{"start":{"line":138,"column":0},"end":{"line":138,"column":11}},"138":{"start":{"line":139,"column":0},"end":{"line":139,"column":24}},"139":{"start":{"line":140,"column":0},"end":{"line":140,"column":30}},"140":{"start":{"line":141,"column":0},"end":{"line":141,"column":36}},"141":{"start":{"line":142,"column":0},"end":{"line":142,"column":38}},"142":{"start":{"line":143,"column":0},"end":{"line":143,"column":36}},"143":{"start":{"line":144,"column":0},"end":{"line":144,"column":38}},"144":{"start":{"line":145,"column":0},"end":{"line":145,"column":38}},"145":{"start":{"line":146,"column":0},"end":{"line":146,"column":6}},"146":{"start":{"line":147,"column":0},"end":{"line":147,"column":6}},"147":{"start":{"line":148,"column":0},"end":{"line":148,"column":19}},"148":{"start":{"line":149,"column":0},"end":{"line":149,"column":49}},"149":{"start":{"line":150,"column":0},"end":{"line":150,"column":13}},"150":{"start":{"line":151,"column":0},"end":{"line":151,"column":16}},"151":{"start":{"line":152,"column":0},"end":{"line":152,"column":61}},"152":{"start":{"line":153,"column":0},"end":{"line":153,"column":3}},"153":{"start":{"line":154,"column":0},"end":{"line":154,"column":2}},"155":{"start":{"line":156,"column":0},"end":{"line":156,"column":77}},"156":{"start":{"line":157,"column":0},"end":{"line":157,"column":1}}},"s":{"0":1,"8":1,"10":1,"11":27,"12":6,"13":6,"14":2,"15":2,"16":2,"18":4,"19":4,"20":4,"21":4,"22":6,"23":1,"24":1,"25":1,"26":1,"27":1,"28":1,"29":
[...]
":{"start":{"line":115,"column":0},"end":{"line":115,"column":2}},"116":{"start":{"line":117,"column":0},"end":{"line":117,"column":58}},"117":{"start":{"line":118,"column":0},"end":{"line":118,"column":6}},"118":{"start":{"line":119,"column":0},"end":{"line":119,"column":53}},"120":{"start":{"line":121,"column":0},"end":{"line":121,"column":17}},"121":{"start":{"line":122,"column":0},"end":{"line":122,"column":49}},"122":{"start":{"line":123,"column":0},"end":{"line":123,"column":5}},"124":{"start":{"line":125,"column":0},"end":{"line":125,"column":21}},"125":{"start":{"line":126,"column":0},"end":{"line":126,"column":38}},"126":{"start":{"line":127,"column":0},"end":{"line":127,"column":19}},"127":{"start":{"line":128,"column":0},"end":{"line":128,"column":64}},"128":{"start":{"line":129,"column":0},"end":{"line":129,"column":5}},"129":{"start":{"line":130,"column":0},"end":{"line":130,"column":3}},"131":{"start":{"line":132,"column":0},"end":{"line":132,"column":37}},"134":{"start":{"line":135,"column":0},"end":{"line":135,"column":63}},"135":{"start":{"line":136,"column":0},"end":{"line":136,"column":32}},"136":{"start":{"line":137,"column":0},"end":{"line":137,"column":73}},"137":{"start":{"line":138,"column":0},"end":{"line":138,"column":3}},"139":{"start":{"line":140,"column":0},"end":{"line":140,"column":40}},"142":{"start":{"line":143,"column":0},"end":{"line":143,"column":23}},"143":{"start":{"line":144,"column":0},"end":{"line":144,"column":22}},"144":{"start":{"line":145,"column":0},"end":{"line":145,"column":3}},"147":{"start":{"line":148,"column":0},"end":{"line":148,"column":24}},"148":{"start":{"line":149,"column":0},"end":{"line":149,"column":45}},"149":{"start":{"line":150,"column":0},"end":{"line":150,"column":3}},"150":{"start":{"line":151,"column":0},"end":{"line":151,"column":24}},"151":{"start":{"line":152,"column":0},"end":{"line":152,"column":45}},"152":{"start":{"line":153,"column":0},"end":{"line":153,"column":3}},"154":{"start":{"line":155,"column":0},"end":{"line":155,"column":14}},"155":{"start":{"line":156,"column":0},"end":{"line":156,"column":18}},"156":{"start":{"line":157,"column":0},"end":{"line":157,"column":55}},"157":{"start":{"line":158,"column":0},"end":{"line":158,"column":14}},"158":{"start":{"line":159,"column":0},"end":{"line":159,"column":2}},"159":{"start":{"line":160,"column":0},"end":{"line":160,"column":2}},"161":{"start":{"line":162,"column":0},"end":{"line":162,"column":40}},"162":{"start":{"line":163,"column":0},"end":{"line":163,"column":59}},"163":{"start":{"line":164,"column":0},"end":{"line":164,"column":44}},"164":{"start":{"line":165,"column":0},"end":{"line":165,"column":14}},"165":{"start":{"line":166,"column":0},"end":{"line":166,"column":2}},"167":{"start":{"line":168,"column":0},"end":{"line":168,"column":64}},"168":{"start":{"line":169,"column":0},"end":{"line":169,"column":60}},"169":{"start":{"line":170,"column":0},"end":{"line":170,"column":30}},"170":{"start":{"line":171,"column":0},"end":{"line":171,"column":2}},"172":{"start":{"line":173,"column":0},"end":{"line":173,"column":77}},"173":{"start":{"line":174,"column":0},"end":{"line":174,"column":6}},"174":{"start":{"line":175,"column":0},"end":{"line":175,"column":36}},"175":{"start":{"line":176,"column":0},"end":{"line":176,"column":69}},"176":{"start":{"line":177,"column":0},"end":{"line":177,"column":3}},"179":{"start":{"line":180,"column":0},"end":{"line":180,"column":19}},"180":{"start":{"line":181,"column":0},"end":{"line":181,"column":62}},"182":{"start":{"line":183,"column":0},"end":{"line":183,"column":50}},"183":{"start":{"line":184,"column":0},"end":{"line":184,"column":16}},"184":{"start":{"line":185,"column":0},"end":{"line":185,"column":51}},"185":{"start":{"line":186,"column":0},"end":{"line":186,"column":3}},"187":{"start":{"line":188,"column":0},"end":{"line":188,"column":34}},"188":{"start":{"line":189,"column":0},"end":{"line":189,"column":18}},"189":{"start":{"line":190,"column":0},"end":{"line":190,"column":13}},"190":{"start":{"line":191,"column":0},"end":{"line":191,"column":39}},"191":{"start":{"line":192,"column":0},"end":{"line":192,"column":37}},"192":{"start":{"line":193,"column":0},"end":{"line":193,"column":5}},"193":{"start":{"line":194,"column":0},"end":{"line":194,"column":25}},"194":{"start":{"line":195,"column":0},"end":{"line":195,"column":11}},"195":{"start":{"line":196,"column":0},"end":{"line":196,"column":14}},"196":{"start":{"line":197,"column":0},"end":{"line":197,"column":6}},"197":{"start":{"line":198,"column":0},"end":{"line":198,"column":5}},"199":{"start":{"line":200,"column":0},"end":{"line":200,"column":53}},"200":{"start":{"line":201,"column":0},"end":{"line":201,"column":17}},"201":{"start":{"line":202,"column":0},"end":{"line":202,"column":13}},"202":{"start":{"line":203,"column":0},"end":{"line":203,"column":39}},"203":{"start":{"line":204,"column":0},"end":{"line":204,"column":37}},"204":{"start":{"line":205,"column":0},"end":{"line":205,"column":53}},"205":{"start":{"line":206,"column":0},"end":{"line":206,"column":5}},"206":{"start":{"line":207,"column":0},"end":{"line":207,"column":38}},"207":{"start":{"line":208,"column":0},"end":{"line":208,"column":5}},"209":{"start":{"line":210,"column":0},"end":{"line":210,"column":21}},"210":{"start":{"line":211,"column":0},"end":{"line":211,"column":43}},"211":{"start":{"line":212,"column":0},"end":{"line":212,"column":69}},"212":{"start":{"line":213,"column":0},"end":{"line":213,"column":3}},"214":{"start":{"line":215,"column":0},"end":{"line":215,"column":54}},"216":{"start":{"line":217,"column":0},"end":{"line":217,"column":55}},"217":{"start":{"line":218,"column":0},"end":{"line":218,"column":24}},"218":{"start":{"line":219,"column":0},"end":{"line":219,"column":18}},"219":{"start":{"line":220,"column":0},"end":{"line":220,"column":55}},"220":{"start":{"line":221,"column":0},"end":{"line":221,"column":14}},"221":{"start":{"line":222,"column":0},"end":{"line":222,"column":2}},"222":{"start":{"line":223,"column":0},"end":{"line":223,"column":2}},"224":{"start":{"line":225,"column":0},"end":{"line":225,"column":37}},"225":{"start":{"line":226,"column":0},"end":{"line":226,"column":42}},"226":{"start":{"line":227,"column":0},"end":{"line":227,"column":52}},"227":{"start":{"line":228,"column":0},"end":{"line":228,"column":56}},"228":{"start":{"line":229,"column":0},"end":{"line":229,"column":67}},"230":{"start":{"line":231,"column":0},"end":{"line":231,"column":27}},"231":{"start":{"line":232,"column":0},"end":{"line":232,"column":36}},"232":{"start":{"line":233,"column":0},"end":{"line":233,"column":39}},"233":{"start":{"line":234,"column":0},"end":{"line":234,"column":27}},"234":{"start":{"line":235,"column":0},"end":{"line":235,"column":11}},"235":{"start":{"line":236,"column":0},"end":{"line":236,"column":9}},"236":{"start":{"line":237,"column":0},"end":{"line":237,"column":55}},"238":{"start":{"line":239,"column":0},"end":{"line":239,"column":26}},"239":{"start":{"line":240,"column":0},"end":{"line":240,"column":44}},"240":{"start":{"line":241,"column":0},"end":{"line":241,"column":6}},"241":{"start":{"line":242,"column":0},"end":{"line":242,"column":41}},"242":{"start":{"line":243,"column":0},"end":{"line":243,"column":21}},"243":{"start":{"line":244,"column":0},"end":{"line":244,"column":66}},"244":{"start":{"line":245,"column":0},"end":{"line":245,"column":28}},"245":{"start":{"line":246,"column":0},"end":{"line":246,"column":5}},"246":{"start":{"line":247,"column":0},"end":{"line":247,"column":4}},"247":{"start":{"line":248,"column":0},"end":{"line":248,"column":3}},"248":{"start":{"line":249,"column":0},"end":{"line":249,"column":3}},"249":{"start":{"line":250,"column":0},"end":{"line":250,"column":2}}},"s":{"0":1,"8":1,"9":1,"10":1,"11":1,"12":1,"13":1,"14":1,"17":1,"18":1,"19":1,"20":1,"21":1,"22":1,"23":1,"24":1,"25":1,"26":1,"27":1,"28":1,"29":1,"30":1,"31":1,"32":1,"33":1,"34":1,"35":1,"36":1,"37":1,"38":1,"39":1,"42":1,"43":1,"44":1,"45":1,"50":1,"52":2,"53":2,"55":0,"56":0,"58":2,"59":2,"60":2,"61":2,"62":2,"63":2,"64":2,"65":2,"66":2,"67":2,"68":2,"70":2,"71":2,"72":2,"73":2,"74":2,"76":2,"77":1,"78":1,"79":1,"82":1,"85":1,"86":2,"87":0,"88":0,"90":1,"93":1,"96":1,"97":1,"99":1,"100":1,"102":0,"103":0,"104":2,"105":1,"107":1,"109":1,"110":1,"111":1,"112":1,"113":1,"114":2,"116":1,"117":4,"118":4,"120":4,"121":4,"122":4,"124":4,"125":0,"126":0,"127":0,"128":0,"129":0,"131":3,"134":3,"135":4,"136":0,"137":0,"139":3,"142":4,"143":1,"144":1,"147":4,"148":0,"149":0,"150":4,"151":0,"152":0,"154":3,"155":4,"156":1,"157":1,"158":1,"159":4,"161":1,"162":0,"163":0,"164":0,"165":0,"167":1,"168":2,"169":2,"170":2,"172":1,"173":2,"174":2,"175":0,"176":0,"179":2,"180":2,"182":2,"183":2,"184":0,"185":0,"187":2,"188":2,"189":2,"190":2,"191":2,"192":2,"193":2,"194":2,"195":2,"196":2,"197":2,"199":2,"200":2,"201":2,"202":2,"203":2,"204":2,"205":2,"206":2,"207":2,"209":2,"210":1,"211":1,"212":1,"214":1,"216":1,"217":1,"218":1,"219":1,"220":1,"221":1,"222":2,"224":1,"225":12,"226":12,"227":12,"228":12,"230":12,"231":2,"232":2,"233":1,"234":1,"235":1,"236":1,"238":1,"239":0,"240":0,"241":1,"242":1,"243":0,"244":0,"245":0,"246":1,"247":2,"248":12,"249":12},"branchMap":{"0":{"type":"branch","line":51,"loc":{"start":{"line":51,"column":25},"end":{"line":115,"column":2}},"locations":[{"start":{"line":51,"column":25},"end":{"line":115,"column":2}}]},"1":{"type":"branch","line":54,"loc":{"start":{"line":54,"column":33},"end":{"line":57,"column":2}},"locations":[{"start":{"line":54,"column":33},"end":{"line":57,"column":2}}]},"2":{"type":"branch","line":77,"loc":{"start":{"line":77,"column":20},"end":{"line":87,"column":31}},"locations":[{"start":{"line":77,"column":20},"end":{"line":87,"column":31}}]},"3":{"type":"branch","line":87,"loc":{"start":{"line":87,"column":31},"end":{"line":89,"column":3}},"locations":[{"start":{"line":87,"column":31},"end":{"line":89,"column":3}}]},"4":{"type":"branch","line":89,"loc":{"start":{"line":89,"column":2},"end":{"line":101,"column":53}},"locations":[{"start":{"line":89,"column":2},"end":{"line":101,"column":53}}]},"5":{"type":"branch","line":101,"loc":{"start":{"line":101,"column":51},"end":{"line":105,"column":11}},"locations":[{"start":{"line":101,"column":51},"end":{"line":105,"column":11}}]},"6":{"type":"branch","line":105,"loc":{"start":{"line":105,"column":2},"end":{"line":114,"column":2}},"locations":[{"start":{"line":105,"column":2},"end":{"line":114,"column":2}}]},"7":{"type":"branch","line":117,"loc":{"start":{"line":117,"column":32},"end":{"line":160,"column":2}},"locations":[{"start":{"line":117,"column":32},"end":{"line":160,"column":2}}]},"8":{"type":"branch","line":125,"loc":{"start":{"line":125,"column":20},"end":{"line":130,"column":3}},"locations":[{"start":{"line":125,"column":20},"end":{"line":130,"column":3}}]},"9":{"type":"branch","line":130,"loc":{"start":{"line":130,"column":2},"end":{"line":136,"column":31}},"locations":[{"start":{"line":130,"column":2},"end":{"line":136,"column":31}}]},"10":{"type":"branch","line":136,"loc":{"start":{"line":136,"column":31},"end":{"line":138,"column":3}},"locations":[{"start":{"line":136,"column":31},"end":{"line":138,"column":3}}]},"11":{"type":"branch","line":138,"loc":{"start":{"line":138,"column":2},"end":{"line":143,"column":22}},"locations":[{"start":{"line":138,"column":2},"end":{"line":143,"column":22}}]},"12":{"type":"branch","line":143,"loc":{"start":{"line":143,"column":22},"end":{"line":145,"column":3}},"locations":[{"start":{"line":143,"column":22},"end":{"line":145,"column":3}}]},"13":{"type":"branch","line":145,"loc":{"start":{"line":145,"column":2},"end":{"line":148,"column":23}},"locations":[{"start":{"line":145,"column":2},"end":{"line":148,"column":23}}]},"14":{"type":"branch","line":148,"loc":{"start":{"line":148,"column":23},"end":{"line":150,"column":3}},"locations":[{"start":{"line":148,"column":23},"end":{"line":150,"column":3}}]},"15":{"type":"branch","line":150,"loc":{"start":{"line":150,"column":2},"end":{"line":151,"column":23}},"locations":[{"start":{"line":150,"column":2},"end":{"line":151,"column":23}}]},"16":{"type":"branch","line":151,"loc":{"start":{"line":151,"column":23},"end":{"line":153,"column":3}},"locations":[{"start":{"line":151,"column":23},"end":{"line":153,"column":3}}]},"17":{"type":"branch","line":153,"loc":{"start":{"line":153,"column":2},"end":{"line":156,"column":10}},"locations":[{"start":{"line":153,"column":2},"end":{"line":156,"column":10}}]},"18":{"type":"branch","line":156,"loc":{"start":{"line":156,"column":1},"end":{"line":159,"column":2}},"locations":[{"start":{"line":156,"column":1},"end":{"line":159,"column":2}}]},"19":{"type":"branch","line":168,"loc":{"start":{"line":168,"column":32},"end":{"line":171,"column":2}},"locations":[{"start":{"line":168,"column":32},"end":{"line":171,"column":2}}]},"20":{"type":"branch","line":173,"loc":{"start":{"line":173,"column":33},"end":{"line":223,"column":2}},"locations":[{"start":{"line":173,"column":33},"end":{"line":223,"column":2}}]},"21":{"type":"branch","line":175,"loc":{"start":{"line":175,"column":35},"end":{"line":177,"column":3}},"locations":[{"start":{"line":175,"column":35},"end":{"line":177,"column":3}}]},"22":{"type":"branch","line":181,"loc":{"start":{"line":181,"column":37},"end":{"line":181,"column":62}},"locations":[{"start":{"line":181,"column":37},"end":{"line":181,"column":62}}]},"23":{"type":"branch","line":184,"loc":{"start":{"line":184,"column":15},"end":{"line":186,"column":3}},"locations":[{"start":{"line":184,"column":15},"end":{"line":186,"column":3}}]},"24":{"type":"branch","line":210,"loc":{"start":{"line":210,"column":20},"end":{"line":222,"column":2}},"locations":[{"start":{"line":210,"column":20},"end":{"line":222,"column":2}}]},"25":{"type":"branch","line":225,"loc":{"start":{"line":225,"column":30},"end":{"line":250,"column":2}},"locations":[{"start":{"line":225,"column":30},"end":{"line":250,"column":2}}]},"26":{"type":"branch","line":226,"loc":{"start":{"line":226,"column":8},"end":{"line":249,"column":3}},"locations":[{"start":{"line":226,"column":8},"end":{"line":249,"column":3}}]},"27":{"type":"branch","line":231,"loc":{"start":{"line":231,"column":6},"end":{"line":231,"column":26}},"locations":[{"start":{"line":231,"column":6},"end":{"line":231,"column":26}}]},"28":{"type":"branch","line":231,"loc":{"start":{"line":231,"column":26},"end":{"line":248,"column":3}},"locations":[{"start":{"line":231,"column":26},"end":{"line":248,"column":3}}]},"29":{"type":"branch","line":233,"loc":{"start":{"line":233,"column":38},"end":{"line":247,"column":4}},"locations":[{"start":{"line":233,"column":38},"end":{"line":247,"column":4}}]},"30":{"type":"branch","line":239,"loc":{"start":{"line":239,"column":25},"end":{"line":241,"column":6}},"locations":[{"start":{"line":239,"column":25},"end":{"line":241,"column":6}}]},"31":{"type":"branch","line":243,"loc":{"start":{"line":243,"column":4},"end":{"line":246,"column":5}},"locations":[{"start":{"line":243,"column":4},"end":{"line":246,"column":5}}]}},"b":{"0":[2],"1":[0],"2":[1],"3":[0],"4":[1],"5":[0],"6":[1],"7":[4],"8":[0],"9":[3],"10":[0],"11":[3],"12":[1],"13":[3],"14":[0],"15":[3],"16":[0],"17":[3],"18":[1],"19":[2],"20":[2],"21":[0],"22":[0],"23":[0],"24":[1],"25":[12],"26":[12],"27":[2],"28":[2],"29":[1],"30":[0],"31":[0]},"fnMap":{"0":{"name":"loginUser","decl":{"start":{"line":51,"column":25},"end":{"line":115,"column":2}},"loc":{"start":{"line":51,"column":25},"end":{"line":115,"column":2}},"line":51},"1":{"name":"fetchUserProfile","decl":{"start":{"line":117,"column":32},"end":{"line":160,"column":2}},"loc":{"start":{"line":117,"column":32},"end":{"line":160,"column":2}},"line":117},"2":{"name":"generateCSRFToken","decl":{"start":{"line":162,"column":33},"end":{"line":166,"column":2}},"loc":{"start":{"line":162,"column":33},"end":{"line":166,"column":2}},"line":162},"3":{"name":"validateUsername","decl":{"start":{"line":168,"column":32},"end":{"line":171,"column":2}},"loc":{"start":{"line":168,"column":32},"end":{"line":171,"column":2}},"line":168},"4":{"name":"updateUserProfile","decl":{"start":{"line":173,"column":33},"end":{"line":223,"column":2}},"loc":{"start":{"line":173,"column":33},"end":{"line":223,"column":2}},"line":173},"5":{"name":"initializeAuth","decl":{"start":{"line":225,"column":30},"end":{"line":250,"column":2}},"loc":{"start":{"line":225,"column":30},"end":{"line":250,"column":2}},"line":225}},"f":{"0":2,"1":4,"2":0,"3":2,"4":2,"5":12}}
,"/media/simpnlm329budgie/ef264f95-2d57-4eae-85f9-710bfd4f5fc4/SimonLM329_PUBLIC/GIT/Projet_OC/P11/P11_ArgentBank_Vite-React/P11-ArgentBank/src/utils/blacklist.ts": {"path":"/media/simpnlm329budgie/ef264f95-2d57-4eae-85f9-710bfd4f5fc4/SimonLM329_PUBLIC/GIT/Projet_OC/P11/P11_ArgentBank_Vite-React/P11-ArgentBank/src/utils/blacklist.ts","all":false,"statementMap":{"2":{"start":{"line":3,"column":0},"end":{"line":3,"column":34}},"4":{"start":{"line":5,"column":0},"end":{"line":5,"column":13}},"5":{"start":{"line":6,"column":0},"end":{"line":6,"column":13}},"6":{"start":{"line":7,"column":0},"end":{"line":7,"column":12}},"7":{"start":{"line":8,"column":0},"end":{"line":8,"column":9}},"8":{"start":{"line":9,"column":0},"end":{"line":9,"column":8}},"9":{"start":{"line":10,"column":0},"end":{"line":10,"column":10}},"10":{"start":{"line":11,"column":0},"end":{"line":11,"column":13}},"11":{"start":{"line":12,"column":0},"end":{"line":12,"column":9}},"12":{"start":{"line":13,"column":0},"end":{"line":13,"column":8}},"13":{"start":{"line":14,"column":0},"end":{"line":14,"column":8}},"14":{"start":{"line":15,"column":0},"end":{"line":15,"column":7}},"15":{"start":{"line":16,"column":0},"end":{"line":16,"column":7}},"16":{"start":{"line":17,"column":0},"end":{"line":17,"column":8}},"17":{"start":{"line":18,"column":0},"end":{"line":18,"column":8}},"18":{"start":{"line":19,"column":0},"end":{"line":19,"column":8}},"19":{"start":{"line":20,"column":0},"end":{"line":20,"column":9}},"20":{"start":{"line":21,"column":0},"end":{"line":21,"column":8}},"21":{"start":{"line":22,"column":0},"end":{"line":22,"column":9}},"22":{"start":{"line":23,"column":0},"end":{"line":23,"column":11}},"25":{"start":{"line":26,"column":0},"end":{"line":26,"column":10}},"26":{"start":{"line":27,"column":0},"end":{"line":27,"column":9}},"27":{"start":{"line":28,"column":0},"end":{"line":28,"column":11}},"28":{"start":{"line":29,"column":0},"end":{"line":29,"column":8}},"29":{"start":{"line":30,"column":0},"end":{"line":30,"column":7}},"30":{"start":{"line":31,"column":0},"end":{"line":31,"column":10}},"31":{"start":{"line":32,"column":0},"end":{"line":32,"column":8}},"32":{"start":{"line":33,"column":0},"end":{"line":33,"column":10}},"33":{"start":{"line":34,"column":0},"end":{"line":34,"column":7}},"34":{"start":{"line":35,"column":0},"end":{"line":35,"column":10}},"35":{"start":{"line":36,"column":0},"end":{"line":36,"column":9}},"38":{"start":{"line":39,"column":0},"end":{"line":39,"column":12}},"39":{"start":{"line":40,"column":0},"end":{"line":40,"column":10}},"40":{"start":{"line":41,"column":0},"end":{"line":41,"column":10}},"41":{"start":{"line":42,"column":0},"end":{"line":42,"column":11}},"42":{"start":{"line":43,"column":0},"end":{"line":43,"column":12}},"43":{"start":{"line":44,"column":0},"end":{"line":44,"column":8}},"44":{"start":{"line":45,"column":0},"end":{"line":45,"column":9}},"45":{"start":{"line":46,"column":0},"end":{"line":46,"column":10}},"46":{"start":{"line":47,"column":0},"end":{"line":47,"column":13}},"47":{"start":{"line":48,"column":0},"end":{"line":48,"column":2}}},"s":{"2":1,"4":1,"5":1,"6":1,"7":1,"8":1,"9":1,"10":1,"11":1,"12":1,"13":1,"14":1,"15":1,"16":1,"17":1,"18":1,"19":1,"20":1,"21":1,"22":1,"25":1,"26":1,"27":1,"28":1,"29":1,"30":1,"31":1,"32":1,"33":1,"34":1,"35":1,"38":1,"39":1,"40":1,"41":1,"42":1,"43":1,"44":1,"45":1,"46":1,"47":1},"branchMap":{},"b":{},"fnMap":{},"f":{}}
}
