{"/media/simpnlm329budgie/ef264f95-2d57-4eae-85f9-710bfd4f5fc4/SimonLM329_PUBLIC/GIT/Projet_OC/P11/P11_ArgentBank_Vite-React/P11-ArgentBank/src/components/TransactionSearch/TransactionSearch.test.tsx": {"path":"/media/simpnlm329budgie/ef264f95-2d57-4eae-85f9-710bfd4f5fc4/SimonLM329_PUBLIC/GIT/Projet_OC/P11/P11_ArgentBank_Vite-React/P11-ArgentBank/src/components/TransactionSearch/TransactionSearch.test.tsx","all":false,"statementMap":{"0":{"start":{"line":1,"column":0},"end":{"line":1,"column":14}},"2":{"start":{"line":3,"column":0},"end":{"line":3,"column":62}},"3":{"start":{"line":4,"column":0},"end":{"line":4,"column":72}},"4":{"start":{"line":5,"column":0},"end":{"line":5,"column":52}},"6":{"start":{"line":7,"column":0},"end":{"line":7,"column":22}},"7":{"start":{"line":8,"column":0},"end":{"line":8,"column":62}},"8":{"start":{"line":9,"column":0},"end":{"line":9,"column":25}},"9":{"start":{"line":10,"column":0},"end":{"line":10,"column":18}},"10":{"start":{"line":11,"column":0},"end":{"line":11,"column":74}},"11":{"start":{"line":12,"column":0},"end":{"line":12,"column":31}},"12":{"start":{"line":13,"column":0},"end":{"line":13,"column":30}},"13":{"start":{"line":14,"column":0},"end":{"line":14,"column":2}},"15":{"start":{"line":16,"column":0},"end":{"line":16,"column":37}},"16":{"start":{"line":17,"column":0},"end":{"line":17,"column":19}},"17":{"start":{"line":18,"column":0},"end":{"line":18,"column":21}},"18":{"start":{"line":19,"column":0},"end":{"line":19,"column":4}},"20":{"start":{"line":21,"column":0},"end":{"line":21,"column":56}},"21":{"start":{"line":22,"column":0},"end":{"line":22,"column":50}},"22":{"start":{"line":23,"column":0},"end":{"line":23,"column":76}},"24":{"start":{"line":25,"column":0},"end":{"line":25,"column":32}},"25":{"start":{"line":26,"column":0},"end":{"line":26,"column":77}},"26":{"start":{"line":27,"column":0},"end":{"line":27,"column":4}},"27":{"start":{"line":28,"column":0},"end":{"line":28,"column":33}},"28":{"start":{"line":29,"column":0},"end":{"line":29,"column":4}},"30":{"start":{"line":31,"column":0},"end":{"line":31,"column":92}},"31":{"start":{"line":32,"column":0},"end":{"line":32,"column":21}},"32":{"start":{"line":33,"column":0},"end":{"line":33,"column":50}},"33":{"start":{"line":34,"column":0},"end":{"line":34,"column":62}},"34":{"start":{"line":35,"column":0},"end":{"line":35,"column":57}},"35":{"start":{"line":36,"column":0},"end":{"line":36,"column":36}},"36":{"start":{"line":37,"column":0},"end":{"line":37,"column":13}},"37":{"start":{"line":38,"column":0},"end":{"line":38,"column":31}},"38":{"start":{"line":39,"column":0},"end":{"line":39,"column":5}},"39":{"start":{"line":40,"column":0},"end":{"line":40,"column":60}},"40":{"start":{"line":41,"column":0},"end":{"line":41,"column":22}},"41":{"start":{"line":42,"column":0},"end":{"line":42,"column":11}},"42":{"start":{"line":43,"column":0},"end":{"line":43,"column":5}},"43":{"start":{"line":44,"column":0},"end":{"line":44,"column":21}},"44":{"start":{"line":45,"column":0},"end":{"line":45,"column":4}},"46":{"start":{"line":47,"column":0},"end":{"line":47,"column":79}},"47":{"start":{"line":48,"column":0},"end":{"line":48,"column":21}},"48":{"start":{"line":49,"column":0},"end":{"line":49,"column":9}},"49":{"start":{"line":50,"column":0},"end":{"line":50,"column":21}},"50":{"start":{"line":51,"column":0},"end":{"line":51,"column":21}},"51":{"start":{"line":52,"column":0},"end":{"line":52,"column":70}},"52":{"start":{"line":53,"column":0},"end":{"line":53,"column":5}},"53":{"start":{"line":54,"column":0},"end":{"line":54,"column":4}},"54":{"start":{"line":55,"column":0},"end":{"line":55,"column":58}},"55":{"start":{"line":56,"column":0},"end":{"line":56,"column":39}},"56":{"start":{"line":57,"column":0},"end":{"line":57,"column":28}},"57":{"start":{"line":58,"column":0},"end":{"line":58,"column":13}},"58":{"start":{"line":59,"column":0},"end":{"line":59,"column":31}},"59":{"start":{"line":60,"column":0},"end":{"line":60,"column":5}},"60":{"start":{"line":61,"column":0},"end":{"line":61,"column":60}},"61":{"start":{"line":62,"column":0},"end":{"line":62,"column":18}},"62":{"start":{"line":63,"column":0},"end":{"line":63,"column":11}},"63":{"start":{"line":64,"column":0},"end":{"line":64,"column":5}},"64":{"start":{"line":65,"column":0},"end":{"line":65,"column":21}},"65":{"start":{"line":66,"column":0},"end":{"line":66,"column":4}},"67":{"start":{"line":68,"column":0},"end":{"line":68,"column":58}},"68":{"start":{"line":69,"column":0},"end":{"line":69,"column":67}},"69":{"start":{"line":70,"column":0},"end":{"line":70,"column":52}},"70":{"start":{"line":71,"column":0},"end":{"line":71,"column":4}},"72":{"start":{"line":73,"column":0},"end":{"line":73,"column":69}},"74":{"start":{"line":75,"column":0},"end":{"line":75,"column":9}},"75":{"start":{"line":76,"column":0},"end":{"line":76,"column":21}},"76":{"start":{"line":77,"column":0},"end":{"line":77,"column":21}},"77":{"start":{"line":78,"column":0},"end":{"line":78,"column":19}},"78":{"start":{"line":79,"column":0},"end":{"line":79,"column":34}},"79":{"start":{"line":80,"column":0},"end":{"line":80,"column":23}},"80":{"start":{"line":81,"column":0},"end":{"line":81,"column":20}},"81":{"start":{"line":82,"column":0},"end":{"line":82,"column":13}},"82":{"start":{"line":83,"column":0},"end":{"line":83,"column":6}},"83":{"start":{"line":84,"column":0},"end":{"line":84,"column":5}},"84":{"start":{"line":85,"column":0},"end":{"line":85,"column":4}},"85":{"start":{"line":86,"column":0},"end":{"line":86,"column":75}},"86":{"start":{"line":87,"column":0},"end":{"line":87,"column":40}},"87":{"start":{"line":88,"column":0},"end":{"line":88,"column":29}},"88":{"start":{"line":89,"column":0},"end":{"line":89,"column":63}},"89":{"start":{"line":90,"column":0},"end":{"line":90,"column":4}},"91":{"start":{"line":92,"column":0},"end":{"line":92,"column":68}},"92":{"start":{"line":93,"column":0},"end":{"line":93,"column":50}},"93":{"start":{"line":94,"column":0},"end":{"line":94,"column":62}},"94":{"start":{"line":95,"column":0},"end":{"line":95,"column":49}},"95":{"start":{"line":96,"column":0},"end":{"line":96,"column":13}},"96":{"start":{"line":97,"column":0},"end":{"line":97,"column":74}},"97":{"start":{"line":98,"column":0},"end":{"line":98,"column":5}},"98":{"start":{"line":99,"column":0},"end":{"line":99,"column":45}},"99":{"start":{"line":100,"column":0},"end":{"line":100,"column":4}},"101":{"start":{"line":102,"column":0},"end":{"line":102,"column":84}},"102":{"start":{"line":103,"column":0},"end":{"line":103,"column":50}},"103":{"start":{"line":104,"column":0},"end":{"line":104,"column":13}},"104":{"start":{"line":105,"column":0},"end":{"line":105,"column":74}},"105":{"start":{"line":106,"column":0},"end":{"line":106,"column":5}},"106":{"start":{"line":107,"column":0},"end":{"line":107,"column":62}},"107":{"start":{"line":108,"column":0},"end":{"line":108,"column":4}},"109":{"start":{"line":110,"column":0},"end":{"line":110,"column":66}},"110":{"start":{"line":111,"column":0},"end":{"line":111,"column":50}},"111":{"start":{"line":112,"column":0},"end":{"line":112,"column":62}},"112":{"start":{"line":113,"column":0},"end":{"line":113,"column":45}},"113":{"start":{"line":114,"column":0},"end":{"line":114,"column":62}},"114":{"start":{"line":115,"column":0},"end":{"line":115,"column":4}},"116":{"start":{"line":117,"column":0},"end":{"line":117,"column":39}},"117":{"start":{"line":118,"column":0},"end":{"line":118,"column":50}},"118":{"start":{"line":119,"column":0},"end":{"line":119,"column":62}},"119":{"start":{"line":120,"column":0},"end":{"line":120,"column":16}},"120":{"start":{"line":121,"column":0},"end":{"line":121,"column":45}},"121":{"start":{"line":122,"column":0},"end":{"line":122,"column":46}},"122":{"start":{"line":123,"column":0},"end":{"line":123,"column":49}},"123":{"start":{"line":124,"column":0},"end":{"line":124,"column":4}},"125":{"start":{"line":126,"column":0},"end":{"line":126,"column":87}},"126":{"start":{"line":127,"column":0},"end":{"line":127,"column":50}},"129":{"start":{"line":130,"column":0},"end":{"line":130,"column":32}},"130":{"start":{"line":131,"column":0},"end":{"line":131,"column":77}},"131":{"start":{"line":132,"column":0},"end":{"line":132,"column":4}},"132":{"start":{"line":133,"column":0},"end":{"line":133,"column":35}},"134":{"start":{"line":135,"column":0},"end":{"line":135,"column":60}},"135":{"start":{"line":136,"column":0},"end":{"line":136,"column":42}},"136":{"start":{"line":137,"column":0},"end":{"line":137,"column":45}},"137":{"start":{"line":138,"column":0},"end":{"line":138,"column":42}},"138":{"start":{"line":139,"column":0},"end":{"line":139,"column":38}},"139":{"start":{"line":140,"column":0},"end":{"line":140,"column":4}},"141":{"start":{"line":142,"column":0},"end":{"line":142,"column":62}},"142":{"start":{"line":143,"column":0},"end":{"line":143,"column":32}},"143":{"start":{"line":144,"column":0},"end":{"line":144,"column":22}},"144":{"start":{"line":145,"column":0},"end":{"line":145,"column":44}},"145":{"start":{"line":146,"column":0},"end":{"line":146,"column":4}},"146":{"start":{"line":147,"column":0},"end":{"line":147,"column":4}},"148":{"start":{"line":149,"column":0},"end":{"line":149,"column":87}},"149":{"start":{"line":150,"column":0},"end":{"line":150,"column":9}},"150":{"start":{"line":151,"column":0},"end":{"line":151,"column":21}},"151":{"start":{"line":152,"column":0},"end":{"line":152,"column":21}},"152":{"start":{"line":153,"column":0},"end":{"line":153,"column":26}},"153":{"start":{"line":154,"column":0},"end":{"line":154,"column":46}},"154":{"start":{"line":155,"column":0},"end":{"line":155,"column":5}},"155":{"start":{"line":156,"column":0},"end":{"line":156,"column":4}},"158":{"start":{"line":159,"column":0},"end":{"line":159,"column":32}},"159":{"start":{"line":160,"column":0},"end":{"line":160,"column":77}},"160":{"start":{"line":161,"column":0},"end":{"line":161,"column":4}},"161":{"start":{"line":162,"column":0},"end":{"line":162,"column":35}},"162":{"start":{"line":163,"column":0},"end":{"line":163,"column":4}},"164":{"start":{"line":165,"column":0},"end":{"line":165,"column":57}},"165":{"start":{"line":166,"column":0},"end":{"line":166,"column":50}},"167":{"start":{"line":168,"column":0},"end":{"line":168,"column":37}},"168":{"start":{"line":169,"column":0},"end":{"line":169,"column":66}},"169":{"start":{"line":170,"column":0},"end":{"line":170,"column":4}},"170":{"start":{"line":171,"column":0},"end":{"line":171,"column":42}},"171":{"start":{"line":172,"column":0},"end":{"line":172,"column":4}},"172":{"start":{"line":173,"column":0},"end":{"line":173,"column":3}}},"s":{"0":1,"2":1,"3":1,"4":1,"6":1,"7":1,"8":1,"9":1,"10":1,"11":1,"12":1,"13":1,"15":1,"16":1,"17":12,"18":1,"20":1,"21":1,"22":1,"24":1,"25":1,"26":1,"27":1,"28":1,"30":1,"31":1,"32":1,"33":1,"34":1,"35":1,"36":1,"37":1,"38":1,"39":1,"40":1,"41":1,"42":1,"43":1,"44":1,"46":1,"47":1,"48":1,"49":1,"50":1,"51":1,"52":1,"53":1,"54":1,"55":1,"56":1,"57":1,"58":1,"59":1,"60":1,"61":1,"62":1,"63":1,"64":1,"65":1,"67":1,"68":1,"69":1,"70":1,"72":1,"74":1,"75":1,"76":1,"77":1,"78":1,"79":1,"80":1,"81":1,"82":1,"83":1,"84":1,"85":1,"86":1,"87":1,"88":1,"89":1,"91":1,"92":1,"93":1,"94":1,"95":1,"96":1,"97":1,"98":1,"99":1,"101":1,"102":1,"103":1,"104":1,"105":1,"106":1,"107":1,"109":1,"110":1,"111":1,"112":1,"113":1,"114":1,"116":1,"117":1,"118":1,"119":1,"120":1,"121":1,"122":1,"123":1,"125":1,"126":1,"129":1,"130":1,"131":1,"132":1,"134":1,"135":1,"136":1,"137":1,"138":1,"139":1,"141":1,"142":1,"143":1,"144":1,"145":1,"146":1,"148":1,"149":1,"150":1,"151":1,"152":1,"153":1,"154":1,"155":1,"158":1,"159":1,"160":1,"161":1,"162":1,"164":1,"165":1,"167":1,"168":1,"169":1,"170":1,"171":1,"172":1},"branchMap":{"0":{"type":"branch","line":16,"loc":{"start":{"line":16,"column":30},"end":{"line":173,"column":3}},"locations":[{"start":{"line":16,"column":30},"end":{"line":173,"column":3}}]},"1":{"type":"branch","line":17,"loc":{"start":{"line":17,"column":12},"end":{"line":19,"column":2}},"locations":[{"start":{"line":17,"column":12},"end":{"line":19,"column":2}}]},"2":{"type":"branch","line":21,"loc":{"start":{"line":21,"column":49},"end":{"line":29,"column":2}},"locations":[{"start":{"line":21,"column":49},"end":{"line":29,"column":2}}]},"3":{"type":"branch","line":31,"loc":{"start":{"line":31,"column":79},"end":{"line":45,"column":2}},"locations":[{"start":{"line":31,"column":79},"end":{"line":45,"column":2}}]},"4":{"type":"branch","line":37,"loc":{"start":{"line":37,"column":6},"end":{"line":39,"column":3}},"locations":[{"start":{"line":37,"column":6},"end":{"line":39,"column":3}}]},"5":{"type":"branch","line":47,"loc":{"start":{"line":47,"column":72},"end":{"line":66,"column":2}},"locations":[{"start":{"line":47,"column":72},"end":{"line":66,"column":2}}]},"6":{"type":"branch","line":58,"loc":{"start":{"line":58,"column":6},"end":{"line":60,"column":3}},"locations":[{"start":{"line":58,"column":6},"end":{"line":60,"column":3}}]},"7":{"type":"branch","line":68,"loc":{"start":{"line":68,"column":51},"end":{"line":71,"column":2}},"locations":[{"start":{"line":68,"column":51},"end":{"line":71,"column":2}}]},"8":{"type":"branch","line":73,"loc":{"start":{"line":73,"column":62},"end":{"line":90,"column":2}},"locations":[{"start":{"line":73,"column":62},"end":{"line":90,"column":2}}]},"9":{"type":"branch","line":92,"loc":{"start":{"line":92,"column":61},"end":{"line":100,"column":2}},"locations":[{"start":{"line":92,"column":61},"end":{"line":100,"column":2}}]},"10":{"type":"branch","line":96,"loc":{"start":{"line":96,"column":6},"end":{"line":98,"column":3}},"locations":[{"start":{"line":96,"column":6},"end":{"line":98,"column":3}}]},"11":{"type":"branch","line":102,"loc":{"start":{"line":102,"column":77},"end":{"line":108,"column":2}},"locations":[{"start":{"line":102,"column":77},"end":{"line":108,"column":2}}]},"12":{"type":"branch","line":104,"loc":{"start":{"line":104,"column":6},"end":{"line":106,"column":3}},"locations":[{"start":{"line":104,"column":6},"end":{"line":106,"column":3}}]},"13":{"type":"branch","line":110,"loc":{"start":{"line":110,"column":59},"end":{"line":115,"column":2}},"locations":[{"start":{"line":110,"column":59},"end":{"line":115,"column":2}}]},"14":{"type":"branch","line":117,"loc":{"start":{"line":117,"column":32},"end":{"line":124,"column":2}},"locations":[{"start":{"line":117,"column":32},"end":{"line":124,"column":2}}]},"15":{"type":"branch","line":126,"loc":{"start":{"line":126,"column":80},"end":{"line":147,"column":2}},"locations":[{"start":{"line":126,"column":80},"end":{"line":147,"column":2}}]},"16":{"type":"branch","line":149,"loc":{"start":{"line":149,"column":80},"end":{"line":163,"column":2}},"locations":[{"start":{"line":149,"column":80},"end":{"line":163,"column":2}}]},"17":{"type":"branch","line":165,"loc":{"start":{"line":165,"column":50},"end":{"line":172,"column":2}},"locations":[{"start":{"line":165,"column":50},"end":{"line":172,"column":2}}]}},"b":{"0":[1],"1":[12],"2":[1],"3":[1],"4":[1],"5":[1],"6":[1],"7":[1],"8":[1],"9":[1],"10":[1],"11":[1],"12":[1],"13":[1],"14":[1],"15":[1],"16":[1],"17":[1]},"fnMap":{},"f":{}}
,"/media/simpnlm329budgie/ef264f95-2d57-4eae-85f9-710bfd4f5fc4/SimonLM329_PUBLIC/GIT/Projet_OC/P11/P11_ArgentBank_Vite-React/P11-ArgentBank/src/components/TransactionSearch/TransactionSearch.tsx": {"path":"/media/simpnlm329budgie/ef264f95-2d57-4eae-85f9-710bfd4f5fc4/SimonLM329_PUBLIC/GIT/Projet_OC/P11/P11_ArgentBank_Vite-React/P11-ArgentBank/src/components/TransactionSearch/TransactionSearch.tsx","all":false,"statementMap":{"0":{"start":{"line":1,"column":0},"end":{"line":1,"column":14}},"2":{"start":{"line":3,"column":0},"end":{"line":3,"column":59}},"4":{"start":{"line":5,"column":0},"end":{"line":5,"column":53}},"19":{"start":{"line":20,"column":0},"end":{"line":20,"column":62}},"20":{"start":{"line":21,"column":0},"end":{"line":21,"column":14}},"21":{"start":{"line":22,"column":0},"end":{"line":22,"column":16}},"22":{"start":{"line":23,"column":0},"end":{"line":23,"column":11}},"23":{"start":{"line":24,"column":0},"end":{"line":24,"column":17}},"24":{"start":{"line":25,"column":0},"end":{"line":25,"column":22}},"25":{"start":{"line":26,"column":0},"end":{"line":26,"column":21}},"26":{"start":{"line":27,"column":0},"end":{"line":27,"column":7}},"27":{"start":{"line":28,"column":0},"end":{"line":28,"column":77}},"28":{"start":{"line":29,"column":0},"end":{"line":29,"column":75}},"29":{"start":{"line":30,"column":0},"end":{"line":30,"column":6}},"30":{"start":{"line":31,"column":0},"end":{"line":31,"column":3}},"32":{"start":{"line":33,"column":0},"end":{"line":33,"column":18}},"33":{"start":{"line":34,"column":0},"end":{"line":34,"column":47}},"34":{"start":{"line":35,"column":0},"end":{"line":35,"column":31}},"36":{"start":{"line":37,"column":0},"end":{"line":37,"column":48}},"37":{"start":{"line":38,"column":0},"end":{"line":38,"column":23}},"39":{"start":{"line":40,"column":0},"end":{"line":40,"column":49}},"41":{"start":{"line":42,"column":0},"end":{"line":42,"column":36}},"42":{"start":{"line":43,"column":0},"end":{"line":43,"column":19}},"43":{"start":{"line":44,"column":0},"end":{"line":44,"column":22}},"44":{"start":{"line":45,"column":0},"end":{"line":45,"column":12}},"45":{"start":{"line":46,"column":0},"end":{"line":46,"column":6}},"46":{"start":{"line":47,"column":0},"end":{"line":47,"column":10}},"48":{"start":{"line":49,"column":0},"end":{"line":49,"column":28}},"49":{"start":{"line":50,"column":0},"end":{"line":50,"column":3}},"51":{"start":{"line":52,"column":0},"end":{"line":52,"column":41}},"52":{"start":{"line":53,"column":0},"end":{"line":53,"column":61}},"53":{"start":{"line":54,"column":0},"end":{"line":54,"column":26}},"54":{"start":{"line":55,"column":0},"end":{"line":55,"column":10}},"55":{"start":{"line":56,"column":0},"end":{"line":56,"column":19}},"56":{"start":{"line":57,"column":0},"end":{"line":57,"column":72}},"57":{"start":{"line":58,"column":0},"end":{"line":58,"column":12}},"58":{"start":{"line":59,"column":0},"end":{"line":59,"column":6}},"59":{"start":{"line":60,"column":0},"end":{"line":60,"column":3}},"60":{"start":{"line":61,"column":0},"end":{"line":61,"column":3}},"62":{"start":{"line":63,"column":0},"end":{"line":63,"column":18}},"63":{"start":{"line":64,"column":0},"end":{"line":64,"column":16}},"64":{"start":{"line":65,"column":0},"end":{"line":65,"column":50}},"65":{"start":{"line":66,"column":0},"end":{"line":66,"column":4}},"66":{"start":{"line":67,"column":0},"end":{"line":67,"column":21}},"68":{"start":{"line":69,"column":0},"end":{"line":69,"column":43}},"70":{"start":{"line":71,"column":0},"end":{"line":71,"column":52}},"72":{"start":{"line":73,"column":0},"end":{"line":73,"column":55}},"74":{"start":{"line":75,"column":0},"end":{"line":75,"column":18}},"75":{"start":{"line":76,"column":0},"end":{"line":76,"column":53}},"76":{"start":{"line":77,"column":0},"end":{"line":77,"column":67}},"78":{"start":{"line":79,"column":0},"end":{"line":79,"column":62}},"79":{"start":{"line":80,"column":0},"end":{"line":80,"column":23}},"80":{"start":{"line":81,"column":0},"end":{"line":81,"column":36}},"81":{"start":{"line":82,"column":0},"end":{"line":82,"column":4}},"83":{"start":{"line":84,"column":0},"end":{"line":84,"column":76}},"84":{"start":{"line":85,"column":0},"end":{"line":85,"column":23}},"85":{"start":{"line":86,"column":0},"end":{"line":86,"column":28}},"86":{"start":{"line":87,"column":0},"end":{"line":87,"column":4}},"87":{"start":{"line":88,"column":0},"end":{"line":88,"column":4}},"89":{"start":{"line":90,"column":0},"end":{"line":90,"column":60}},"90":{"start":{"line":91,"column":0},"end":{"line":91,"column":76}},"91":{"start":{"line":92,"column":0},"end":{"line":92,"column":38}},"93":{"start":{"line":94,"column":0},"end":{"line":94,"column":75}},"94":{"start":{"line":95,"column":0},"end":{"line":95,"column":17}},"95":{"start":{"line":96,"column":0},"end":{"line":96,"column":10}},"96":{"start":{"line":97,"column":0},"end":{"line":97,"column":3}},"98":{"start":{"line":99,"column":0},"end":{"line":99,"column":40}},"99":{"start":{"line":100,"column":0},"end":{"line":100,"column":22}},"100":{"start":{"line":101,"column":0},"end":{"line":101,"column":27}},"101":{"start":{"line":102,"column":0},"end":{"line":102,"column":3}},"103":{"start":{"line":104,"column":0},"end":{"line":104,"column":27}},"104":{"start":{"line":105,"column":0},"end":{"line":105,"column":22}},"105":{"start":{"line":106,"column":0},"end":{"line":106,"column":26}},"106":{"start":{"line":107,"column":0},"end":{"line":107,"column":3}},"108":{"start":{"line":109,"column":0},"end":{"line":109,"column":57}},"109":{"start":{"line":110,"column":0},"end":{"line":110,"column":22}},"119":{"start":{"line":120,"column":0},"end":{"line":120,"column":27}},"122":{"start":{"line":123,"column":0},"end":{"line":123,"column":3}},"123":{"start":{"line":124,"column":0},"end":{"line":124,"column":3}},"125":{"start":{"line":126,"column":0},"end":{"line":126,"column":9}},"126":{"start":{"line":127,"column":0},"end":{"line":127,"column":48}},"127":{"start":{"line":128,"column":0},"end":{"line":128,"column":9}},"128":{"start":{"line":129,"column":0},"end":{"line":129,"column":38}},"129":{"start":{"line":130,"column":0},"end":{"line":130,"column":52}},"130":{"start":{"line":131,"column":0},"end":{"line":131,"column":17}},"131":{"start":{"line":132,"column":0},"end":{"line":132,"column":11}},"133":{"start":{"line":134,"column":0},"end":{"line":134,"column":5}},"134":{"start":{"line":135,"column":0},"end":{"line":135,"column":57}},"135":{"start":{"line":136,"column":0},"end":{"line":136,"column":24}},"137":{"start":{"line":138,"column":0},"end":{"line":138,"column":7}},"139":{"start":{"line":140,"column":0},"end":{"line":140,"column":61}},"140":{"start":{"line":141,"column":0},"end":{"line":141,"column":61}},"141":{"start":{"line":142,"column":0},"end":{"line":142,"column":11}},"142":{"start":{"line":143,"column":0},"end":{"line":143,"column":26}},"143":{"start":{"line":144,"column":0},"end":{"line":144,"column":35}},"144":{"start":{"line":145,"column":0},"end":{"line":145,"column":19}},"145":{"start":{"line":146,"column":0},"end":{"line":146,"column":53}},"146":{"start":{"line":147,"column":0},"end":{"line":147,"column":24}},"147":{"start":{"line":148,"column":0},"end":{"line":148,"column":58}},"148":{"start":{"line":149,"column":0},"end":{"line":149,"column":36}},"149":{"start":{"line":150,"column":0},"end":{"line":150,"column":75}},"150":{"start":{"line":151,"column":0},"end":{"line":151,"column":7}},"152":{"start":{"line":153,"column":0},"end":{"line":153,"column":21}},"153":{"start":{"line":154,"column":0},"end":{"line":154,"column":13}},"154":{"start":{"line":155,"column":0},"end":{"line":155,"column":20}},"155":{"start":{"line":156,"column":0},"end":{"line":156,"column":55}},"156":{"start":{"line":157,"column":0},"end":{"line":157,"column":45}},"157":{"start":{"line":158,"column":0},"end":{"line":158,"column":33}},"158":{"start":{"line":159,"column":0},"end":{"line":159,"column":11}},"159":{"start":{"line":160,"column":0},"end":{"line":160,"column":18}},"160":{"start":{"line":161,"column":0},"end":{"line":161,"column":19}},"161":{"start":{"line":162,"column":0},"end":{"line":162,"column":27}},"162":{"start":{"line":163,"column":0},"end":{"line":163,"column":19}},"163":{"start":{"line":164,"column":0},"end":{"line":164,"column":42}},"164":{"start":{"line":165,"column":0},"end":{"line":165,"column":27}},"165":{"start":{"line":166,"column":0},"end":{"line":166,"column":13}},"166":{"start":{"line":167,"column":0},"end":{"line":167,"column":33}},"167":{"start":{"line":168,"column":0},"end":{"line":168,"column":30}},"168":{"start":{"line":169,"column":0},"end":{"line":169,"column":24}},"169":{"start":{"line":170,"column":0},"end":{"line":170,"column":30}},"170":{"start":{"line":171,"column":0},"end":{"line":171,"column":10}},"171":{"start":{"line":172,"column":0},"end":{"line":172,"column":13}},"172":{"start":{"line":173,"column":0},"end":{"line":173,"column":15}},"175":{"start":{"line":176,"column":0},"end":{"line":176,"column":20}},"176":{"start":{"line":177,"column":0},"end":{"line":177,"column":10}},"177":{"start":{"line":178,"column":0},"end":{"line":178,"column":56}},"178":{"start":{"line":179,"column":0},"end":{"line":179,"column":26}},"180":{"start":{"line":181,"column":0},"end":{"line":181,"column":12}},"182":{"start":{"line":183,"column":0},"end":{"line":183,"column":10}},"184":{"start":{"line":185,"column":0},"end":{"line":185,"column":25}},"185":{"start":{"line":186,"column":0},"end":{"line":186,"column":12}},"186":{"start":{"line":187,"column":0},"end":{"line":187,"column":19}},"187":{"start":{"line":188,"column":0},"end":{"line":188,"column":67}},"188":{"start":{"line":189,"column":0},"end":{"line":189,"column":25}},"189":{"start":{"line":190,"column":0},"end":{"line":190,"column":61}},"190":{"start":{"line":191,"column":0},"end":{"line":191,"column":12}},"191":{"start":{"line":192,"column":0},"end":{"line":192,"column":9}},"192":{"start":{"line":193,"column":0},"end":{"line":193,"column":40}},"193":{"start":{"line":194,"column":0},"end":{"line":194,"column":39}},"194":{"start":{"line":195,"column":0},"end":{"line":195,"column":18}},"195":{"start":{"line":196,"column":0},"end":{"line":196,"column":25}},"196":{"start":{"line":197,"column":0},"end":{"line":197,"column":35}},"197":{"start":{"line":198,"column":0},"end":{"line":198,"column":35}},"198":{"start":{"line":199,"column":0},"end":{"line":199,"column":8}},"200":{"start":{"line":201,"column":0},"end":{"line":201,"column":14}},"202":{"start":{"line":203,"column":0},"end":{"line":203,"column":9}},"204":{"start":{"line":205,"column":0},"end":{"line":205,"column":8}},"205":{"start":{"line":206,"column":0},"end":{"line":206,"column":24}},"206":{"start":{"line":207,"column":0},"end":{"line":207,"column":23}},"207":{"start":{"line":208,"column":0},"end":{"line":208,"column":34}},"209":{"start":{"line":210,"column":0},"end":{"line":210,"column":10}},"211":{"start":{"line":212,"column":0},"end":{"line":212,"column":5}},"212":{"start":{"line":213,"column":0},"end":{"line":213,"column":64}},"213":{"start":{"line":214,"column":0},"end":{"line":214,"column":28}},"214":{"start":{"line":215,"column":0},"end":{"line":215,"column":75}},"215":{"start":{"line":216,"column":0},"end":{"line":216,"column":7}},"216":{"start":{"line":217,"column":0},"end":{"line":217,"column":8}},"218":{"start":{"line":219,"column":0},"end":{"line":219,"column":2}},"220":{"start":{"line":221,"column":0},"end":{"line":221,"column":33}}},"s":{"0":1,"2":1,"4":1,"19":1,"20":16,"21":16,"22":16,"23":16,"24":16,"25":16,"26":16,"27":16,"28":16,"29":16,"30":16,"32":16,"33":12,"34":16,"36":16,"37":2,"39":2,"41":2,"42":2,"43":2,"44":2,"45":2,"46":2,"48":2,"49":2,"51":16,"52":1,"53":1,"54":1,"55":0,"56":0,"57":0,"58":0,"59":0,"60":1,"62":16,"63":14,"64":14,"65":14,"66":16,"68":16,"70":16,"72":16,"74":16,"75":12,"76":4,"78":4,"79":1,"80":1,"81":1,"83":4,"84":1,"85":1,"86":1,"87":4,"89":12,"90":12,"91":16,"93":16,"94":2,"95":0,"96":0,"98":2,"99":1,"100":1,"101":1,"103":2,"104":1,"105":1,"106":1,"108":2,"109":0,"119":0,"122":0,"123":2,"125":16,"126":16,"127":16,"128":16,"129":16,"130":16,"131":16,"133":16,"134":16,"135":16,"137":16,"139":16,"140":16,"141":16,"142":16,"143":16,"144":16,"145":16,"146":16,"147":16,"148":16,"149":16,"150":16,"152":16,"153":3,"154":3,"155":3,"156":3,"157":3,"158":3,"159":3,"160":3,"161":3,"162":3,"163":3,"164":3,"165":3,"166":3,"167":3,"168":3,"169":3,"170":3,"171":3,"172":3,"175":16,"176":1,"177":1,"178":1,"180":1,"182":16,"184":16,"185":15,"186":15,"187":15,"188":15,"189":0,"190":15,"191":15,"192":15,"193":15,"194":15,"195":15,"196":0,"197":15,"198":15,"200":15,"202":16,"204":16,"205":16,"206":16,"207":16,"209":16,"211":16,"212":16,"213":16,"214":16,"215":16,"216":16,"218":16,"220":1},"branchMap":{"0":{"type":"branch","line":20,"loc":{"start":{"line":20,"column":60},"end":{"line":219,"column":2}},"locations":[{"start":{"line":20,"column":60},"end":{"line":219,"column":2}}]},"1":{"type":"branch","line":28,"loc":{"start":{"line":28,"column":59},"end":{"line":28,"column":75}},"locations":[{"start":{"line":28,"column":59},"end":{"line":28,"column":75}}]},"2":{"type":"branch","line":153,"loc":{"start":{"line":153,"column":6},"end":{"line":173,"column":15}},"locations":[{"start":{"line":153,"column":6},"end":{"line":173,"column":15}}]},"3":{"type":"branch","line":176,"loc":{"start":{"line":176,"column":6},"end":{"line":181,"column":12}},"locations":[{"start":{"line":176,"column":6},"end":{"line":181,"column":12}}]},"4":{"type":"branch","line":185,"loc":{"start":{"line":185,"column":5},"end":{"line":201,"column":14}},"locations":[{"start":{"line":185,"column":5},"end":{"line":201,"column":14}}]},"5":{"type":"branch","line":189,"loc":{"start":{"line":189,"column":7},"end":{"line":190,"column":61}},"locations":[{"start":{"line":189,"column":7},"end":{"line":190,"column":61}}]},"6":{"type":"branch","line":196,"loc":{"start":{"line":196,"column":7},"end":{"line":197,"column":35}},"locations":[{"start":{"line":196,"column":7},"end":{"line":197,"column":35}}]},"7":{"type":"branch","line":33,"loc":{"start":{"line":33,"column":11},"end":{"line":35,"column":4}},"locations":[{"start":{"line":33,"column":11},"end":{"line":35,"column":4}}]},"8":{"type":"branch","line":34,"loc":{"start":{"line":34,"column":29},"end":{"line":34,"column":45}},"locations":[{"start":{"line":34,"column":29},"end":{"line":34,"column":45}}]},"9":{"type":"branch","line":37,"loc":{"start":{"line":37,"column":28},"end":{"line":50,"column":3}},"locations":[{"start":{"line":37,"column":28},"end":{"line":50,"column":3}}]},"10":{"type":"branch","line":40,"loc":{"start":{"line":40,"column":21},"end":{"line":40,"column":49}},"locations":[{"start":{"line":40,"column":21},"end":{"line":40,"column":49}}]},"11":{"type":"branch","line":42,"loc":{"start":{"line":42,"column":29},"end":{"line":47,"column":5}},"locations":[{"start":{"line":42,"column":29},"end":{"line":47,"column":5}}]},"12":{"type":"branch","line":52,"loc":{"start":{"line":52,"column":34},"end":{"line":61,"column":3}},"locations":[{"start":{"line":52,"column":34},"end":{"line":61,"column":3}}]},"13":{"type":"branch","line":55,"loc":{"start":{"line":55,"column":2},"end":{"line":60,"column":3}},"locations":[{"start":{"line":55,"column":2},"end":{"line":60,"column":3}}]},"14":{"type":"branch","line":63,"loc":{"start":{"line":63,"column":11},"end":{"line":67,"column":4}},"locations":[{"start":{"line":63,"column":11},"end":{"line":67,"column":4}}]},"15":{"type":"branch","line":64,"loc":{"start":{"line":64,"column":9},"end":{"line":66,"column":4}},"locations":[{"start":{"line":64,"column":9},"end":{"line":66,"column":4}}]},"16":{"type":"branch","line":65,"loc":{"start":{"line":65,"column":22},"end":{"line":65,"column":50}},"locations":[{"start":{"line":65,"column":22},"end":{"line":65,"column":50}}]},"17":{"type":"branch","line":75,"loc":{"start":{"line":75,"column":11},"end":{"line":92,"column":4}},"locations":[{"start":{"line":75,"column":11},"end":{"line":92,"column":4}}]},"18":{"type":"branch","line":76,"loc":{"start":{"line":76,"column":30},"end":{"line":88,"column":4}},"locations":[{"start":{"line":76,"column":30},"end":{"line":88,"column":4}}]},"19":{"type":"branch","line":79,"loc":{"start":{"line":79,"column":9},"end":{"line":79,"column":32}},"locations":[{"start":{"line":79,"column":9},"end":{"line":79,"column":32}}]},"20":{"type":"branch","line":79,"loc":{"start":{"line":79,"column":22},"end":{"line":79,"column":61}},"locations":[{"start":{"line":79,"column":22},"end":{"line":79,"column":61}}]},"21":{"type":"branch","line":79,"loc":{"start":{"line":79,"column":61},"end":{"line":82,"column":4}},"locations":[{"start":{"line":79,"column":61},"end":{"line":82,"column":4}}]},"22":{"type":"branch","line":84,"loc":{"start":{"line":84,"column":9},"end":{"line":84,"column":32}},"locations":[{"start":{"line":84,"column":9},"end":{"line":84,"column":32}}]},"23":{"type":"branch","line":84,"loc":{"start":{"line":84,"column":22},"end":{"line":84,"column":63}},"locations":[{"start":{"line":84,"column":22},"end":{"line":84,"column":63}}]},"24":{"type":"branch","line":84,"loc":{"start":{"line":84,"column":56},"end":{"line":84,"column":75}},"locations":[{"start":{"line":84,"column":56},"end":{"line":84,"column":75}}]},"25":{"type":"branch","line":84,"loc":{"start":{"line":84,"column":75},"end":{"line":87,"column":4}},"locations":[{"start":{"line":84,"column":75},"end":{"line":87,"column":4}}]},"26":{"type":"branch","line":91,"loc":{"start":{"line":91,"column":9},"end":{"line":91,"column":76}},"locations":[{"start":{"line":91,"column":9},"end":{"line":91,"column":76}}]},"27":{"type":"branch","line":94,"loc":{"start":{"line":94,"column":28},"end":{"line":124,"column":3}},"locations":[{"start":{"line":94,"column":28},"end":{"line":124,"column":3}}]},"28":{"type":"branch","line":95,"loc":{"start":{"line":95,"column":16},"end":{"line":97,"column":3}},"locations":[{"start":{"line":95,"column":16},"end":{"line":97,"column":3}}]},"29":{"type":"branch","line":99,"loc":{"start":{"line":99,"column":16},"end":{"line":99,"column":39}},"locations":[{"start":{"line":99,"column":16},"end":{"line":99,"column":39}}]},"30":{"type":"branch","line":99,"loc":{"start":{"line":99,"column":39},"end":{"line":102,"column":3}},"locations":[{"start":{"line":99,"column":39},"end":{"line":102,"column":3}}]},"31":{"type":"branch","line":104,"loc":{"start":{"line":104,"column":26},"end":{"line":107,"column":3}},"locations":[{"start":{"line":104,"column":26},"end":{"line":107,"column":3}}]},"32":{"type":"branch","line":109,"loc":{"start":{"line":109,"column":16},"end":{"line":109,"column":44}},"locations":[{"start":{"line":109,"column":16},"end":{"line":109,"column":44}}]},"33":{"type":"branch","line":109,"loc":{"start":{"line":109,"column":34},"end":{"line":109,"column":56}},"locations":[{"start":{"line":109,"column":34},"end":{"line":109,"column":56}}]},"34":{"type":"branch","line":109,"loc":{"start":{"line":109,"column":56},"end":{"line":123,"column":3}},"locations":[{"start":{"line":109,"column":56},"end":{"line":123,"column":3}}]},"35":{"type":"branch","line":148,"loc":{"start":{"line":148,"column":16},"end":{"line":148,"column":58}},"locations":[{"start":{"line":148,"column":16},"end":{"line":148,"column":58}}]},"36":{"type":"branch","line":157,"loc":{"start":{"line":157,"column":16},"end":{"line":157,"column":45}},"locations":[{"start":{"line":157,"column":16},"end":{"line":157,"column":45}}]}},"b":{"0":[16],"1":[13],"2":[3],"3":[1],"4":[15],"5":[0],"6":[0],"7":[12],"8":[11],"9":[2],"10":[0],"11":[2],"12":[1],"13":[0],"14":[14],"15":[14],"16":[2],"17":[12],"18":[4],"19":[2],"20":[2],"21":[1],"22":[2],"23":[2],"24":[1],"25":[1],"26":[12],"27":[2],"28":[0],"29":[1],"30":[1],"31":[1],"32":[0],"33":[0],"34":[0],"35":[1],"36":[1]},"fnMap":{"0":{"name":"TransactionSearch","decl":{"start":{"line":20,"column":60},"end":{"line":219,"column":2}},"loc":{"start":{"line":20,"column":60},"end":{"line":219,"column":2}},"line":20},"1":{"name":"handleSearchChange","decl":{"start":{"line":37,"column":28},"end":{"line":50,"column":3}},"loc":{"start":{"line":37,"column":28},"end":{"line":50,"column":3}},"line":37},"2":{"name":"handleGlobalSearchToggle","decl":{"start":{"line":52,"column":34},"end":{"line":61,"column":3}},"loc":{"start":{"line":52,"column":34},"end":{"line":61,"column":3}},"line":52},"3":{"name":"handleGlobalKeyDown","decl":{"start":{"line":76,"column":30},"end":{"line":88,"column":4}},"loc":{"start":{"line":76,"column":30},"end":{"line":88,"column":4}},"line":76},"4":{"name":"handleInputKeyDown","decl":{"start":{"line":94,"column":28},"end":{"line":124,"column":3}},"loc":{"start":{"line":94,"column":28},"end":{"line":124,"column":3}},"line":94},"5":{"name":"onChange","decl":{"start":{"line":148,"column":16},"end":{"line":148,"column":58}},"loc":{"start":{"line":148,"column":16},"end":{"line":148,"column":58}},"line":148},"6":{"name":"onClick","decl":{"start":{"line":157,"column":16},"end":{"line":157,"column":45}},"loc":{"start":{"line":157,"column":16},"end":{"line":157,"column":45}},"line":157}},"f":{"0":16,"1":2,"2":1,"3":4,"4":2,"5":1,"6":1}}
}
